<?xml version="1.0" encoding="UTF-8"?>
<testsuite name="com.nortal.clark.training.test.provided.ManyTargetsTest" tests="1" skipped="0" failures="0" errors="0" timestamp="2022-06-15T07:05:44" hostname="eespare04" time="11.084">
  <properties/>
  <testcase name="manyTargets()" classname="com.nortal.clark.training.test.provided.ManyTargetsTest" time="11.084"/>
  <system-out><![CDATA[Clark {horizontal=0.0, vertical=0.0, position=(1 ; 1)} ->> x=100, y=200
VoiceCommand(direction=EAST, speedLevel=L4_MACH_9350)
Clark {horizontal=1.2, vertical=0.0, position=(1 ; 1)} ->> x=100, y=200
VoiceCommand(direction=EAST, speedLevel=L4_MACH_9350)
Clark {horizontal=2.3964, vertical=0.0, position=(2 ; 1)} ->> x=100, y=200
VoiceCommand(direction=EAST, speedLevel=L4_MACH_9350)
Clark {horizontal=3.5820431675999997, vertical=0.0, position=(3 ; 1)} ->> x=100, y=200
VoiceCommand(direction=EAST, speedLevel=L4_MACH_9350)
Clark {horizontal=4.7499655844636255, vertical=0.0, position=(5 ; 1)} ->> x=100, y=200
VoiceCommand(direction=EAST, speedLevel=L4_MACH_9350)
Clark {horizontal=5.893560151829654, vertical=0.0, position=(8 ; 1)} ->> x=100, y=200
VoiceCommand(direction=EAST, speedLevel=L4_MACH_9350)
Clark {horizontal=7.006725023671567, vertical=0.0, position=(11 ; 1)} ->> x=100, y=200
VoiceCommand(direction=EAST, speedLevel=L4_MACH_9350)
Clark {horizontal=8.083989534778205, vertical=0.0, position=(15 ; 1)} ->> x=100, y=200
VoiceCommand(direction=EAST, speedLevel=L4_MACH_9350)
Clark {horizontal=9.120612317782196, vertical=0.0, position=(19 ; 1)} ->> x=100, y=200
VoiceCommand(direction=EAST, speedLevel=L4_MACH_9350)
Clark {horizontal=10.112648395153995, vertical=0.0, position=(24 ; 1)} ->> x=100, y=200
VoiceCommand(direction=EAST, speedLevel=L4_MACH_9350)
Clark {horizontal=11.056984251243968, vertical=0.0, position=(29 ; 1)} ->> x=100, y=200
VoiceCommand(direction=EAST, speedLevel=L4_MACH_9350)
Clark {horizontal=11.951341999413325, vertical=0.0, position=(35 ; 1)} ->> x=100, y=200
VoiceCommand(direction=EAST, speedLevel=L4_MACH_9350)
Clark {horizontal=12.794255560445972, vertical=0.0, position=(41 ; 1)} ->> x=100, y=200
VoiceCommand(direction=EAST, speedLevel=L4_MACH_9350)
Clark {horizontal=13.585023122080965, vertical=0.0, position=(48 ; 1)} ->> x=100, y=200
VoiceCommand(direction=EAST, speedLevel=L4_MACH_9350)
Clark {horizontal=14.32364098901228, vertical=0.0, position=(55 ; 1)} ->> x=100, y=200
VoiceCommand(direction=EAST, speedLevel=L4_MACH_9350)
Clark {horizontal=15.010724261056998, vertical=0.0, position=(62 ; 1)} ->> x=100, y=200
VoiceCommand(direction=EAST, speedLevel=L3_SUPER_SONIC)
Clark {horizontal=15.147419653953285, vertical=0.0, position=(70 ; 1)} ->> x=100, y=200
VoiceCommand(direction=EAST, speedLevel=L3_SUPER_SONIC)
Clark {horizontal=15.27380884852086, vertical=0.0, position=(78 ; 1)} ->> x=100, y=200
VoiceCommand(direction=EAST, speedLevel=L3_SUPER_SONIC)
Clark {horizontal=15.390585756667974, vertical=0.0, position=(86 ; 1)} ->> x=100, y=200
VoiceCommand(direction=EAST, speedLevel=L2_SUB_SONIC)
Clark {horizontal=14.998410431834596, vertical=0.0, position=(94 ; 1)} ->> x=100, y=200
VoiceCommand(direction=EAST, speedLevel=L2_SUB_SONIC)
Clark {horizontal=14.636029643130184, vertical=0.0, position=(101 ; 1)} ->> x=100, y=200
VoiceCommand(direction=NORTH, speedLevel=L4_MACH_9350)
Clark {horizontal=13.30049623384372, vertical=1.2, position=(108 ; 1)} ->> x=100, y=200
VoiceCommand(direction=NORTH, speedLevel=L4_MACH_9350)
Clark {horizontal=12.058238233677493, vertical=2.3964, position=(114 ; 2)} ->> x=100, y=200
VoiceCommand(direction=NORTH, speedLevel=L4_MACH_9350)
Clark {horizontal=10.894735460427189, vertical=3.5820431675999997, position=(120 ; 3)} ->> x=100, y=200
VoiceCommand(direction=NORTH, speedLevel=L4_MACH_9350)
Clark {horizontal=9.797997308545465, vertical=4.7499655844636255, position=(125 ; 5)} ->> x=100, y=200
VoiceCommand(direction=NORTH, speedLevel=L4_MACH_9350)
Clark {horizontal=8.757995430399806, vertical=5.893560151829654, position=(130 ; 8)} ->> x=100, y=200
VoiceCommand(direction=NORTH, speedLevel=L4_MACH_9350)
Clark {horizontal=7.766239220502546, vertical=7.006725023671567, position=(134 ; 11)} ->> x=100, y=200
VoiceCommand(direction=NORTH, speedLevel=L4_MACH_9350)
Clark {horizontal=6.815453041427365, vertical=8.083989534778205, position=(138 ; 15)} ->> x=100, y=200
VoiceCommand(direction=NORTH, speedLevel=L4_MACH_9350)
Clark {horizontal=5.899327041027611, vertical=9.120612317782196, position=(141 ; 19)} ->> x=100, y=200
VoiceCommand(direction=NORTH, speedLevel=L4_MACH_9350)
Clark {horizontal=5.012321892185112, vertical=10.112648395153995, position=(144 ; 24)} ->> x=100, y=200
VoiceCommand(direction=NORTH, speedLevel=L4_MACH_9350)
Clark {horizontal=4.149513465307916, vertical=11.056984251243968, position=(146 ; 29)} ->> x=100, y=200
VoiceCommand(direction=NORTH, speedLevel=L4_MACH_9350)
Clark {horizontal=3.306467310310987, vertical=11.951341999413325, position=(148 ; 35)} ->> x=100, y=200
VoiceCommand(direction=NORTH, speedLevel=L4_MACH_9350)
Clark {horizontal=2.479135495125599, vertical=12.794255560445972, position=(149 ; 41)} ->> x=100, y=200
VoiceCommand(direction=NORTH, speedLevel=L4_MACH_9350)
Clark {horizontal=1.66377021311762, vertical=13.585023122080965, position=(150 ; 48)} ->> x=100, y=200
VoiceCommand(direction=NORTH, speedLevel=L4_MACH_9350)
Clark {horizontal=0.8568498848124763, vertical=14.32364098901228, position=(151 ; 55)} ->> x=100, y=200
VoiceCommand(direction=NORTH, speedLevel=L4_MACH_9350)
Clark {horizontal=0.055014405499718366, vertical=15.010724261056998, position=(151 ; 62)} ->> x=100, y=200
VoiceCommand(direction=NORTH, speedLevel=L4_MACH_9350)
Clark {horizontal=0.0, vertical=15.647419653953285, position=(151 ; 70)} ->> x=100, y=200
VoiceCommand(direction=NORTH, speedLevel=L4_MACH_9350)
Clark {horizontal=0.0, vertical=16.235315299385977, position=(151 ; 78)} ->> x=100, y=200
VoiceCommand(direction=NORTH, speedLevel=L4_MACH_9350)
Clark {horizontal=0.0, vertical=16.776351642209786, position=(151 ; 86)} ->> x=100, y=200
VoiceCommand(direction=NORTH, speedLevel=L4_MACH_9350)
Clark {horizontal=0.0, vertical=17.2727367061521, position=(151 ; 95)} ->> x=100, y=200
VoiceCommand(direction=NORTH, speedLevel=L4_MACH_9350)
Clark {horizontal=0.0, vertical=17.726868122851965, position=(151 ; 104)} ->> x=100, y=200
VoiceCommand(direction=NORTH, speedLevel=L4_MACH_9350)
Clark {horizontal=0.0, vertical=18.141263489239503, position=(151 ; 113)} ->> x=100, y=200
VoiceCommand(direction=NORTH, speedLevel=L4_MACH_9350)
Clark {horizontal=0.0, vertical=18.518499886774467, position=(151 ; 122)} ->> x=100, y=200
VoiceCommand(direction=NORTH, speedLevel=L4_MACH_9350)
Clark {horizontal=0.0, vertical=18.8611627916333, position=(151 ; 131)} ->> x=100, y=200
VoiceCommand(direction=NORTH, speedLevel=L4_MACH_9350)
Clark {horizontal=0.0, vertical=19.17180413700207, position=(151 ; 141)} ->> x=100, y=200
VoiceCommand(direction=NORTH, speedLevel=L4_MACH_9350)
Clark {horizontal=0.0, vertical=19.452908952333146, position=(151 ; 151)} ->> x=100, y=200
VoiceCommand(direction=NORTH, speedLevel=L4_MACH_9350)
Clark {horizontal=0.0, vertical=19.70686978556374, position=(151 ; 161)} ->> x=100, y=200
VoiceCommand(direction=NORTH, speedLevel=L3_SUPER_SONIC)
Clark {horizontal=0.0, vertical=19.435967993700828, position=(151 ; 171)} ->> x=100, y=200
VoiceCommand(direction=NORTH, speedLevel=L3_SUPER_SONIC)
Clark {horizontal=0.0, vertical=19.19157586407042, position=(151 ; 181)} ->> x=100, y=200
VoiceCommand(direction=NORTH, speedLevel=L2_SUB_SONIC)
Clark {horizontal=0.0, vertical=18.470784403704492, position=(151 ; 190)} ->> x=100, y=200
VoiceCommand(direction=NORTH, speedLevel=L2_SUB_SONIC)
Clark {horizontal=0.0, vertical=17.81785971248416, position=(151 ; 199)} ->> x=100, y=200
VoiceCommand(direction=NORTH, speedLevel=L1_TRAIN)
Clark {horizontal=0.0, vertical=16.724169400649746, position=(151 ; 208)} ->> x=100, y=200
VoiceCommand(direction=WEST, speedLevel=L4_MACH_9350)
Clark {horizontal=-1.2, vertical=15.224924795295673, position=(151 ; 216)} ->> x=100, y=200
VoiceCommand(direction=WEST, speedLevel=L4_MACH_9350)
Clark {horizontal=-2.3964, vertical=13.84542895773965, position=(150 ; 223)} ->> x=100, y=200
VoiceCommand(direction=WEST, speedLevel=L4_MACH_9350)
Clark {horizontal=-3.5820431675999997, vertical=12.56618920018011, position=(149 ; 230)} ->> x=100, y=200
VoiceCommand(direction=WEST, speedLevel=L4_MACH_9350)
Clark {horizontal=-4.7499655844636255, vertical=11.371416422643302, position=(147 ; 236)} ->> x=100, y=200
VoiceCommand(direction=WEST, speedLevel=L4_MACH_9350)
Clark {horizontal=-5.893560151829654, vertical=10.248143644000397, position=(144 ; 241)} ->> x=100, y=200
VoiceCommand(direction=WEST, speedLevel=L4_MACH_9350)
Clark {horizontal=-7.006725023671567, vertical=9.185582523630233, position=(141 ; 246)} ->> x=100, y=200
VoiceCommand(direction=WEST, speedLevel=L4_MACH_9350)
Clark {horizontal=-8.083989534778205, vertical=8.17464520788418, position=(137 ; 250)} ->> x=100, y=200
VoiceCommand(direction=WEST, speedLevel=L3_SUPER_SONIC)
Clark {horizontal=-8.620612317782196, vertical=7.207583147197219, position=(133 ; 254)} ->> x=100, y=200
VoiceCommand(direction=WEST, speedLevel=L3_SUPER_SONIC)
Clark {horizontal=-9.13482492594845, vertical=6.277710010137816, position=(129 ; 257)} ->> x=100, y=200
VoiceCommand(direction=WEST, speedLevel=L3_SUPER_SONIC)
Clark {horizontal=-9.626212359879128, vertical=5.379185902709354, position=(124 ; 260)} ->> x=100, y=200
VoiceCommand(direction=WEST, speedLevel=L3_SUPER_SONIC)
Clark {horizontal=-10.094552448885404, vertical=4.506846800269586, position=(119 ; 262)} ->> x=100, y=200
VoiceCommand(direction=WEST, speedLevel=L2_SUB_SONIC)
Clark {horizontal=-10.039802476027159, vertical=3.6560676300668353, position=(114 ; 264)} ->> x=100, y=200
VoiceCommand(direction=WEST, speedLevel=L2_SUB_SONIC)
Clark {horizontal=-9.987808391633056, vertical=2.822650553777779, position=(109 ; 266)} ->> x=100, y=200
VoiceCommand(direction=WEST, speedLevel=L2_SUB_SONIC)
Clark {horizontal=-9.938417600463117, vertical=2.002732163405924, position=(104 ; 267)} ->> x=100, y=200
VoiceCommand(direction=WEST, speedLevel=L2_SUB_SONIC)
Clark {horizontal=-9.89148723946013, vertical=1.1927048231100725, position=(99 ; 268)} ->> x=100, y=200
VoiceCommand(direction=EAST, speedLevel=L1_TRAIN)
Clark {horizontal=-8.346883439939123, vertical=0.3891484611223974, position=(94 ; 268)} ->> x=100, y=200
VoiceCommand(direction=EAST, speedLevel=L2_SUB_SONIC)
Clark {horizontal=-6.372707282039299, vertical=0.0, position=(90 ; 268)} ->> x=100, y=200
VoiceCommand(direction=EAST, speedLevel=L2_SUB_SONIC)
Clark {horizontal=-4.471178786782907, vertical=0.0, position=(87 ; 268)} ->> x=100, y=200
VoiceCommand(direction=EAST, speedLevel=L2_SUB_SONIC)
Clark {horizontal=-2.6212001874244635, vertical=0.0, position=(85 ; 268)} ->> x=100, y=200
VoiceCommand(direction=EAST, speedLevel=L2_SUB_SONIC)
Clark {horizontal=-0.8040234613680783, vertical=0.0, position=(84 ; 268)} ->> x=100, y=200
VoiceCommand(direction=EAST, speedLevel=L2_SUB_SONIC)
Clark {horizontal=0.9975926729479974, vertical=0.0, position=(84 ; 268)} ->> x=100, y=200
VoiceCommand(direction=EAST, speedLevel=L2_SUB_SONIC)
Clark {horizontal=1.1951046950951985, vertical=0.0, position=(85 ; 268)} ->> x=100, y=200
VoiceCommand(direction=EAST, speedLevel=L2_SUB_SONIC)
Clark {horizontal=1.3915340070146018, vertical=0.0, position=(86 ; 268)} ->> x=100, y=200
VoiceCommand(direction=EAST, speedLevel=L2_SUB_SONIC)
Clark {horizontal=1.5866930897829064, vertical=0.0, position=(87 ; 268)} ->> x=100, y=200
VoiceCommand(direction=EAST, speedLevel=L2_SUB_SONIC)
Clark {horizontal=1.7803991023799943, vertical=0.0, position=(88 ; 268)} ->> x=100, y=200
VoiceCommand(direction=EAST, speedLevel=L2_SUB_SONIC)
Clark {horizontal=1.9724745499706056, vertical=0.0, position=(89 ; 268)} ->> x=100, y=200
VoiceCommand(direction=EAST, speedLevel=L2_SUB_SONIC)
Clark {horizontal=2.162747910344901, vertical=0.0, position=(90 ; 268)} ->> x=100, y=200
VoiceCommand(direction=EAST, speedLevel=L2_SUB_SONIC)
Clark {horizontal=2.3510542140356483, vertical=0.0, position=(91 ; 268)} ->> x=100, y=200
VoiceCommand(direction=EAST, speedLevel=L2_SUB_SONIC)
Clark {horizontal=2.5372355742423114, vertical=0.0, position=(92 ; 268)} ->> x=100, y=200
VoiceCommand(direction=EAST, speedLevel=L2_SUB_SONIC)
Clark {horizontal=2.7211416633443095, vertical=0.0, position=(93 ; 268)} ->> x=100, y=200
VoiceCommand(direction=EAST, speedLevel=L2_SUB_SONIC)
Clark {horizontal=2.902630133464339, vertical=0.0, position=(94 ; 268)} ->> x=100, y=200
VoiceCommand(direction=EAST, speedLevel=L2_SUB_SONIC)
Clark {horizontal=3.081566979235101, vertical=0.0, position=(95 ; 268)} ->> x=100, y=200
VoiceCommand(direction=EAST, speedLevel=L2_SUB_SONIC)
Clark {horizontal=3.2578268416163207, vertical=0.0, position=(97 ; 268)} ->> x=100, y=200
VoiceCommand(direction=EAST, speedLevel=L2_SUB_SONIC)
Clark {horizontal=3.4312932522914315, vertical=0.0, position=(99 ; 268)} ->> x=100, y=200
VoiceCommand(direction=EAST, speedLevel=L1_TRAIN)
Clark {horizontal=3.1018588188333798, vertical=0.0, position=(101 ; 268)} ->> x=100, y=200
VoiceCommand(direction=WEST, speedLevel=L1_TRAIN)
Clark {horizontal=1.7778049985034436, vertical=0.0, position=(102 ; 268)} ->> x=100, y=200
VoiceCommand(direction=WEST, speedLevel=L1_TRAIN)
Clark {horizontal=0.46990352197168406, vertical=0.0, position=(103 ; 268)} ->> x=100, y=200
VoiceCommand(direction=WEST, speedLevel=L2_SUB_SONIC)
Clark {horizontal=-1.3306485013282194, vertical=0.0, position=(103 ; 268)} ->> x=100, y=200
VoiceCommand(direction=WEST, speedLevel=L2_SUB_SONIC)
Clark {horizontal=-1.5262219377430017, vertical=0.0, position=(102 ; 268)} ->> x=100, y=200
VoiceCommand(direction=WEST, speedLevel=L1_TRAIN)
Clark {horizontal=-1.2203985542348816, vertical=0.0, position=(101 ; 268)} ->> x=100, y=200
VoiceCommand(direction=WEST, speedLevel=L1_TRAIN)
Clark {horizontal=-0.9166751226569351, vertical=0.0, position=(100 ; 268)} ->> x=100, y=200
VoiceCommand(direction=SOUTH, speedLevel=L4_MACH_9350)
Clark {horizontal=-0.11457438945568976, vertical=-1.2, position=(100 ; 268)} ->> x=100, y=200
VoiceCommand(direction=SOUTH, speedLevel=L4_MACH_9350)
Clark {horizontal=0.0, vertical=-2.3964, position=(100 ; 267)} ->> x=100, y=200
VoiceCommand(direction=SOUTH, speedLevel=L4_MACH_9350)
Clark {horizontal=0.0, vertical=-3.5820431675999997, position=(100 ; 266)} ->> x=100, y=200
VoiceCommand(direction=SOUTH, speedLevel=L4_MACH_9350)
Clark {horizontal=0.0, vertical=-4.7499655844636255, position=(100 ; 264)} ->> x=100, y=200
VoiceCommand(direction=SOUTH, speedLevel=L4_MACH_9350)
Clark {horizontal=0.0, vertical=-5.893560151829654, position=(100 ; 261)} ->> x=100, y=200
VoiceCommand(direction=SOUTH, speedLevel=L4_MACH_9350)
Clark {horizontal=0.0, vertical=-7.006725023671567, position=(100 ; 258)} ->> x=100, y=200
VoiceCommand(direction=SOUTH, speedLevel=L4_MACH_9350)
Clark {horizontal=0.0, vertical=-8.083989534778205, position=(100 ; 254)} ->> x=100, y=200
VoiceCommand(direction=SOUTH, speedLevel=L4_MACH_9350)
Clark {horizontal=0.0, vertical=-9.120612317782196, position=(100 ; 250)} ->> x=100, y=200
VoiceCommand(direction=SOUTH, speedLevel=L4_MACH_9350)
Clark {horizontal=0.0, vertical=-10.112648395153995, position=(100 ; 245)} ->> x=100, y=200
VoiceCommand(direction=SOUTH, speedLevel=L4_MACH_9350)
Clark {horizontal=0.0, vertical=-11.056984251243968, position=(100 ; 240)} ->> x=100, y=200
VoiceCommand(direction=SOUTH, speedLevel=L4_MACH_9350)
Clark {horizontal=0.0, vertical=-11.951341999413325, position=(100 ; 234)} ->> x=100, y=200
VoiceCommand(direction=SOUTH, speedLevel=L3_SUPER_SONIC)
Clark {horizontal=0.0, vertical=-12.294255560445972, position=(100 ; 228)} ->> x=100, y=200
VoiceCommand(direction=SOUTH, speedLevel=L3_SUPER_SONIC)
Clark {horizontal=0.0, vertical=-12.61638376098208, position=(100 ; 222)} ->> x=100, y=200
VoiceCommand(direction=SOUTH, speedLevel=L3_SUPER_SONIC)
Clark {horizontal=0.0, vertical=-12.91845091297115, position=(100 ; 216)} ->> x=100, y=200
VoiceCommand(direction=SOUTH, speedLevel=L2_SUB_SONIC)
Clark {horizontal=0.0, vertical=-12.701234977994037, position=(100 ; 210)} ->> x=100, y=200
VoiceCommand(direction=SOUTH, speedLevel=L2_SUB_SONIC)
Clark {horizontal=0.0, vertical=-12.49793155307849, position=(100 ; 204)} ->> x=100, y=200
VoiceCommand(direction=SOUTH, speedLevel=L2_SUB_SONIC)
Clark {horizontal=0.0, vertical=-12.307435820314902, position=(100 ; 198)} ->> x=100, y=200
VoiceCommand(direction=NORTH, speedLevel=L1_TRAIN)
Clark {horizontal=0.0, vertical=-10.628753379136976, position=(100 ; 192)} ->> x=100, y=200
VoiceCommand(direction=NORTH, speedLevel=L2_SUB_SONIC)
Clark {horizontal=0.0, vertical=-8.546327383150686, position=(100 ; 187)} ->> x=100, y=200
VoiceCommand(direction=NORTH, speedLevel=L2_SUB_SONIC)
Clark {horizontal=0.0, vertical=-6.563728103800708, position=(100 ; 183)} ->> x=100, y=200
VoiceCommand(direction=NORTH, speedLevel=L2_SUB_SONIC)
Clark {horizontal=0.0, vertical=-4.65602178724915, position=(100 ; 180)} ->> x=100, y=200
VoiceCommand(direction=NORTH, speedLevel=L3_SUPER_SONIC)
Clark {horizontal=0.0, vertical=-2.3018254400408034, position=(100 ; 178)} ->> x=100, y=200
VoiceCommand(direction=NORTH, speedLevel=L3_SUPER_SONIC)
Clark {horizontal=0.0, vertical=0.011420560850244232, position=(100 ; 177)} ->> x=100, y=200
VoiceCommand(direction=NORTH, speedLevel=L3_SUPER_SONIC)
Clark {horizontal=0.0, vertical=0.7114202347772188, position=(100 ; 177)} ->> x=100, y=200
VoiceCommand(direction=NORTH, speedLevel=L3_SUPER_SONIC)
Clark {horizontal=0.0, vertical=1.4101549379010927, position=(100 ; 178)} ->> x=100, y=200
VoiceCommand(direction=NORTH, speedLevel=L3_SUPER_SONIC)
Clark {horizontal=0.0, vertical=2.1051835955288754, position=(100 ; 179)} ->> x=100, y=200
VoiceCommand(direction=NORTH, speedLevel=L3_SUPER_SONIC)
Clark {horizontal=0.0, vertical=2.7941041006016656, position=(100 ; 180)} ->> x=100, y=200
VoiceCommand(direction=NORTH, speedLevel=L3_SUPER_SONIC)
Clark {horizontal=0.0, vertical=3.474586556289168, position=(100 ; 182)} ->> x=100, y=200
VoiceCommand(direction=NORTH, speedLevel=L2_SUB_SONIC)
Clark {horizontal=0.0, vertical=3.6444046769463045, position=(100 ; 184)} ->> x=100, y=200
VoiceCommand(direction=NORTH, speedLevel=L2_SUB_SONIC)
Clark {horizontal=0.0, vertical=3.811200463322934, position=(100 ; 186)} ->> x=100, y=200
VoiceCommand(direction=NORTH, speedLevel=L2_SUB_SONIC)
Clark {horizontal=0.0, vertical=3.9748873408938517, position=(100 ; 188)} ->> x=100, y=200
VoiceCommand(direction=NORTH, speedLevel=L2_SUB_SONIC)
Clark {horizontal=0.0, vertical=4.135388017461856, position=(100 ; 190)} ->> x=100, y=200
VoiceCommand(direction=NORTH, speedLevel=L2_SUB_SONIC)
Clark {horizontal=0.0, vertical=4.292634432324438, position=(100 ; 192)} ->> x=100, y=200
VoiceCommand(direction=NORTH, speedLevel=L2_SUB_SONIC)
Clark {horizontal=0.0, vertical=4.446567656400495, position=(100 ; 194)} ->> x=100, y=200
VoiceCommand(direction=NORTH, speedLevel=L2_SUB_SONIC)
Clark {horizontal=0.0, vertical=4.597137746593127, position=(100 ; 196)} ->> x=100, y=200
VoiceCommand(direction=NORTH, speedLevel=L2_SUB_SONIC)
Clark {horizontal=0.0, vertical=4.744303557940248, position=(100 ; 198)} ->> x=100, y=200
VoiceCommand(direction=NORTH, speedLevel=L1_TRAIN)
Clark {horizontal=0.0, vertical=4.388032517315537, position=(100 ; 200)} ->> x=100, y=200
Removing target
VoiceCommand(direction=SOUTH, speedLevel=L0_RUNNING_HUMAN)
Clark {horizontal=0.0, vertical=3.5398954438829904, position=(100 ; 202)} ->> x=150, y=120
VoiceCommand(direction=EAST, speedLevel=L4_MACH_9350)
Clark {horizontal=1.2, vertical=2.7085682944989316, position=(100 ; 204)} ->> x=150, y=120
VoiceCommand(direction=EAST, speedLevel=L4_MACH_9350)
Clark {horizontal=2.3964, vertical=1.8902274389840192, position=(101 ; 205)} ->> x=150, y=120
VoiceCommand(direction=EAST, speedLevel=L4_MACH_9350)
Clark {horizontal=3.5820431675999997, vertical=1.081295039556299, position=(102 ; 206)} ->> x=150, y=120
VoiceCommand(direction=EAST, speedLevel=L4_MACH_9350)
Clark {horizontal=4.7499655844636255, vertical=0.2783720421498763, position=(104 ; 206)} ->> x=150, y=120
VoiceCommand(direction=EAST, speedLevel=L4_MACH_9350)
Clark {horizontal=5.893560151829654, vertical=0.0, position=(107 ; 206)} ->> x=150, y=120
VoiceCommand(direction=EAST, speedLevel=L4_MACH_9350)
Clark {horizontal=7.006725023671567, vertical=0.0, position=(110 ; 206)} ->> x=150, y=120
VoiceCommand(direction=EAST, speedLevel=L4_MACH_9350)
Clark {horizontal=8.083989534778205, vertical=0.0, position=(114 ; 206)} ->> x=150, y=120
VoiceCommand(direction=EAST, speedLevel=L3_SUPER_SONIC)
Clark {horizontal=8.620612317782196, vertical=0.0, position=(118 ; 206)} ->> x=150, y=120
VoiceCommand(direction=EAST, speedLevel=L3_SUPER_SONIC)
Clark {horizontal=9.13482492594845, vertical=0.0, position=(122 ; 206)} ->> x=150, y=120
VoiceCommand(direction=EAST, speedLevel=L3_SUPER_SONIC)
Clark {horizontal=9.626212359879128, vertical=0.0, position=(127 ; 206)} ->> x=150, y=120
VoiceCommand(direction=EAST, speedLevel=L3_SUPER_SONIC)
Clark {horizontal=10.094552448885404, vertical=0.0, position=(132 ; 206)} ->> x=150, y=120
VoiceCommand(direction=EAST, speedLevel=L2_SUB_SONIC)
Clark {horizontal=10.039802476027159, vertical=0.0, position=(137 ; 206)} ->> x=150, y=120
VoiceCommand(direction=EAST, speedLevel=L2_SUB_SONIC)
Clark {horizontal=9.987808391633056, vertical=0.0, position=(142 ; 206)} ->> x=150, y=120
VoiceCommand(direction=EAST, speedLevel=L2_SUB_SONIC)
Clark {horizontal=9.938417600463117, vertical=0.0, position=(147 ; 206)} ->> x=150, y=120
VoiceCommand(direction=EAST, speedLevel=L2_SUB_SONIC)
Clark {horizontal=9.89148723946013, vertical=0.0, position=(152 ; 206)} ->> x=150, y=120
VoiceCommand(direction=WEST, speedLevel=L1_TRAIN)
Clark {horizontal=8.346883439939123, vertical=0.0, position=(157 ; 206)} ->> x=150, y=120
VoiceCommand(direction=WEST, speedLevel=L2_SUB_SONIC)
Clark {horizontal=6.372707282039299, vertical=0.0, position=(161 ; 206)} ->> x=150, y=120
VoiceCommand(direction=WEST, speedLevel=L2_SUB_SONIC)
Clark {horizontal=4.471178786782907, vertical=0.0, position=(164 ; 206)} ->> x=150, y=120
VoiceCommand(direction=WEST, speedLevel=L2_SUB_SONIC)
Clark {horizontal=2.6212001874244635, vertical=0.0, position=(166 ; 206)} ->> x=150, y=120
VoiceCommand(direction=WEST, speedLevel=L2_SUB_SONIC)
Clark {horizontal=0.8040234613680783, vertical=0.0, position=(167 ; 206)} ->> x=150, y=120
VoiceCommand(direction=WEST, speedLevel=L2_SUB_SONIC)
Clark {horizontal=-0.9975926729479974, vertical=0.0, position=(167 ; 206)} ->> x=150, y=120
VoiceCommand(direction=WEST, speedLevel=L2_SUB_SONIC)
Clark {horizontal=-1.1951046950951985, vertical=0.0, position=(166 ; 206)} ->> x=150, y=120
VoiceCommand(direction=WEST, speedLevel=L2_SUB_SONIC)
Clark {horizontal=-1.3915340070146018, vertical=0.0, position=(165 ; 206)} ->> x=150, y=120
VoiceCommand(direction=WEST, speedLevel=L2_SUB_SONIC)
Clark {horizontal=-1.5866930897829064, vertical=0.0, position=(164 ; 206)} ->> x=150, y=120
VoiceCommand(direction=WEST, speedLevel=L2_SUB_SONIC)
Clark {horizontal=-1.7803991023799943, vertical=0.0, position=(163 ; 206)} ->> x=150, y=120
VoiceCommand(direction=WEST, speedLevel=L2_SUB_SONIC)
Clark {horizontal=-1.9724745499706056, vertical=0.0, position=(162 ; 206)} ->> x=150, y=120
VoiceCommand(direction=WEST, speedLevel=L2_SUB_SONIC)
Clark {horizontal=-2.162747910344901, vertical=0.0, position=(161 ; 206)} ->> x=150, y=120
VoiceCommand(direction=WEST, speedLevel=L2_SUB_SONIC)
Clark {horizontal=-2.3510542140356483, vertical=0.0, position=(160 ; 206)} ->> x=150, y=120
VoiceCommand(direction=WEST, speedLevel=L2_SUB_SONIC)
Clark {horizontal=-2.5372355742423114, vertical=0.0, position=(159 ; 206)} ->> x=150, y=120
VoiceCommand(direction=WEST, speedLevel=L2_SUB_SONIC)
Clark {horizontal=-2.7211416633443095, vertical=0.0, position=(158 ; 206)} ->> x=150, y=120
VoiceCommand(direction=WEST, speedLevel=L2_SUB_SONIC)
Clark {horizontal=-2.902630133464339, vertical=0.0, position=(157 ; 206)} ->> x=150, y=120
VoiceCommand(direction=WEST, speedLevel=L2_SUB_SONIC)
Clark {horizontal=-3.081566979235101, vertical=0.0, position=(156 ; 206)} ->> x=150, y=120
VoiceCommand(direction=WEST, speedLevel=L2_SUB_SONIC)
Clark {horizontal=-3.2578268416163207, vertical=0.0, position=(154 ; 206)} ->> x=150, y=120
VoiceCommand(direction=WEST, speedLevel=L2_SUB_SONIC)
Clark {horizontal=-3.4312932522914315, vertical=0.0, position=(152 ; 206)} ->> x=150, y=120
VoiceCommand(direction=WEST, speedLevel=L1_TRAIN)
Clark {horizontal=-3.1018588188333798, vertical=0.0, position=(150 ; 206)} ->> x=150, y=120
VoiceCommand(direction=SOUTH, speedLevel=L4_MACH_9350)
Clark {horizontal=-2.2778049985034436, vertical=-1.2, position=(149 ; 206)} ->> x=150, y=120
VoiceCommand(direction=EAST, speedLevel=L1_TRAIN)
Clark {horizontal=-0.9648340094754255, vertical=-0.39639999999999986, position=(148 ; 206)} ->> x=150, y=120
VoiceCommand(direction=EAST, speedLevel=L1_TRAIN)
Clark {horizontal=0.3374932521891756, vertical=0.0, position=(148 ; 206)} ->> x=150, y=120
VoiceCommand(direction=EAST, speedLevel=L1_TRAIN)
Clark {horizontal=0.03720849795099246, vertical=0.0, position=(148 ; 206)} ->> x=150, y=120
VoiceCommand(direction=EAST, speedLevel=L1_TRAIN)
Clark {horizontal=-0.262794963229807, vertical=0.0, position=(148 ; 206)} ->> x=150, y=120
VoiceCommand(direction=EAST, speedLevel=L1_TRAIN)
Clark {horizontal=1.0373776897519404, vertical=0.0, position=(148 ; 206)} ->> x=150, y=120
VoiceCommand(direction=EAST, speedLevel=L1_TRAIN)
Clark {horizontal=0.7346873085739527, vertical=0.0, position=(148 ; 206)} ->> x=150, y=120
VoiceCommand(direction=EAST, speedLevel=L1_TRAIN)
Clark {horizontal=0.43333789497050357, vertical=0.0, position=(148 ; 206)} ->> x=150, y=120
VoiceCommand(direction=EAST, speedLevel=L1_TRAIN)
Clark {horizontal=0.13286844064245984, vertical=0.0, position=(148 ; 206)} ->> x=150, y=120
VoiceCommand(direction=EAST, speedLevel=L1_TRAIN)
Clark {horizontal=-0.16717569441383706, vertical=0.0, position=(148 ; 206)} ->> x=150, y=120
VoiceCommand(direction=EAST, speedLevel=L1_TRAIN)
Clark {horizontal=1.13289417486817, vertical=0.0, position=(148 ; 206)} ->> x=150, y=120
VoiceCommand(direction=EAST, speedLevel=L1_TRAIN)
Clark {horizontal=0.8296855518395444, vertical=0.0, position=(148 ; 206)} ->> x=150, y=120
VoiceCommand(direction=EAST, speedLevel=L1_TRAIN)
Clark {horizontal=0.5279646065522161, vertical=0.0, position=(148 ; 206)} ->> x=150, y=120
VoiceCommand(direction=EAST, speedLevel=L1_TRAIN)
Clark {horizontal=0.2272677399877865, vertical=0.0, position=(148 ; 206)} ->> x=150, y=120
VoiceCommand(direction=EAST, speedLevel=L1_TRAIN)
Clark {horizontal=-0.07286138657631147, vertical=0.0, position=(148 ; 206)} ->> x=150, y=120
VoiceCommand(direction=EAST, speedLevel=L1_TRAIN)
Clark {horizontal=1.2271518853778232, vertical=0.0, position=(148 ; 206)} ->> x=150, y=120
VoiceCommand(direction=EAST, speedLevel=L1_TRAIN)
Clark {horizontal=0.9233871310033572, vertical=0.0, position=(149 ; 206)} ->> x=150, y=120
VoiceCommand(direction=EAST, speedLevel=L1_TRAIN)
Clark {horizontal=0.6212555215191007, vertical=0.0, position=(149 ; 206)} ->> x=150, y=120
VoiceCommand(direction=EAST, speedLevel=L1_TRAIN)
Clark {horizontal=0.32029062546155573, vertical=0.0, position=(149 ; 206)} ->> x=150, y=120
VoiceCommand(direction=EAST, speedLevel=L1_TRAIN)
Clark {horizontal=0.020034160249659316, vertical=0.0, position=(149 ; 206)} ->> x=150, y=120
VoiceCommand(direction=EAST, speedLevel=L1_TRAIN)
Clark {horizontal=-0.279966843169283, vertical=0.0, position=(149 ; 206)} ->> x=150, y=120
VoiceCommand(direction=EAST, speedLevel=L1_TRAIN)
Clark {horizontal=1.0202291104139025, vertical=0.0, position=(149 ; 206)} ->> x=150, y=120
VoiceCommand(direction=EAST, speedLevel=L1_TRAIN)
Clark {horizontal=0.7176269418195627, vertical=0.0, position=(149 ; 206)} ->> x=150, y=120
VoiceCommand(direction=EAST, speedLevel=L1_TRAIN)
Clark {horizontal=0.4163394707504994, vertical=0.0, position=(149 ; 206)} ->> x=150, y=120
VoiceCommand(direction=EAST, speedLevel=L1_TRAIN)
Clark {horizontal=0.11590612436323733, vertical=0.0, position=(149 ; 206)} ->> x=150, y=120
VoiceCommand(direction=EAST, speedLevel=L1_TRAIN)
Clark {horizontal=-0.18412746121092494, vertical=0.0, position=(149 ; 206)} ->> x=150, y=120
VoiceCommand(direction=EAST, speedLevel=L1_TRAIN)
Clark {horizontal=1.115957296094005, vertical=0.0, position=(149 ; 206)} ->> x=150, y=120
VoiceCommand(direction=EAST, speedLevel=L1_TRAIN)
Clark {horizontal=0.8128438943772414, vertical=0.0, position=(149 ; 206)} ->> x=150, y=120
VoiceCommand(direction=EAST, speedLevel=L1_TRAIN)
Clark {horizontal=0.5111921063856755, vertical=0.0, position=(149 ; 206)} ->> x=150, y=120
VoiceCommand(direction=EAST, speedLevel=L1_TRAIN)
Clark {horizontal=0.21053881296159782, vertical=0.0, position=(149 ; 206)} ->> x=150, y=120
VoiceCommand(direction=EAST, speedLevel=L1_TRAIN)
Clark {horizontal=-0.08957200351781047, vertical=0.0, position=(149 ; 206)} ->> x=150, y=120
VoiceCommand(direction=EAST, speedLevel=L1_TRAIN)
Clark {horizontal=1.210448054341725, vertical=0.0, position=(149 ; 206)} ->> x=150, y=120
VoiceCommand(direction=EAST, speedLevel=L1_TRAIN)
Clark {horizontal=0.9067850931110759, vertical=0.0, position=(150 ; 206)} ->> x=150, y=120
VoiceCommand(direction=SOUTH, speedLevel=L4_MACH_9350)
Clark {horizontal=0.10472944509835469, vertical=-1.2, position=(150 ; 206)} ->> x=150, y=120
VoiceCommand(direction=SOUTH, speedLevel=L4_MACH_9350)
Clark {horizontal=0.0, vertical=-2.3964, position=(150 ; 205)} ->> x=150, y=120
VoiceCommand(direction=SOUTH, speedLevel=L4_MACH_9350)
Clark {horizontal=0.0, vertical=-3.5820431675999997, position=(150 ; 204)} ->> x=150, y=120
VoiceCommand(direction=SOUTH, speedLevel=L4_MACH_9350)
Clark {horizontal=0.0, vertical=-4.7499655844636255, position=(150 ; 202)} ->> x=150, y=120
VoiceCommand(direction=SOUTH, speedLevel=L4_MACH_9350)
Clark {horizontal=0.0, vertical=-5.893560151829654, position=(150 ; 199)} ->> x=150, y=120
VoiceCommand(direction=SOUTH, speedLevel=L4_MACH_9350)
Clark {horizontal=0.0, vertical=-7.006725023671567, position=(150 ; 196)} ->> x=150, y=120
VoiceCommand(direction=SOUTH, speedLevel=L4_MACH_9350)
Clark {horizontal=0.0, vertical=-8.083989534778205, position=(150 ; 192)} ->> x=150, y=120
VoiceCommand(direction=SOUTH, speedLevel=L4_MACH_9350)
Clark {horizontal=0.0, vertical=-9.120612317782196, position=(150 ; 188)} ->> x=150, y=120
VoiceCommand(direction=SOUTH, speedLevel=L4_MACH_9350)
Clark {horizontal=0.0, vertical=-10.112648395153995, position=(150 ; 183)} ->> x=150, y=120
VoiceCommand(direction=SOUTH, speedLevel=L4_MACH_9350)
Clark {horizontal=0.0, vertical=-11.056984251243968, position=(150 ; 178)} ->> x=150, y=120
VoiceCommand(direction=SOUTH, speedLevel=L4_MACH_9350)
Clark {horizontal=0.0, vertical=-11.951341999413325, position=(150 ; 172)} ->> x=150, y=120
VoiceCommand(direction=SOUTH, speedLevel=L4_MACH_9350)
Clark {horizontal=0.0, vertical=-12.794255560445972, position=(150 ; 166)} ->> x=150, y=120
VoiceCommand(direction=SOUTH, speedLevel=L4_MACH_9350)
Clark {horizontal=0.0, vertical=-13.585023122080965, position=(150 ; 159)} ->> x=150, y=120
VoiceCommand(direction=SOUTH, speedLevel=L3_SUPER_SONIC)
Clark {horizontal=0.0, vertical=-13.82364098901228, position=(150 ; 152)} ->> x=150, y=120
VoiceCommand(direction=SOUTH, speedLevel=L3_SUPER_SONIC)
Clark {horizontal=0.0, vertical=-14.045908363529529, position=(150 ; 145)} ->> x=150, y=120
VoiceCommand(direction=SOUTH, speedLevel=L3_SUPER_SONIC)
Clark {horizontal=0.0, vertical=-14.252689509137857, position=(150 ; 138)} ->> x=150, y=120
VoiceCommand(direction=SOUTH, speedLevel=L2_SUB_SONIC)
Clark {horizontal=0.0, vertical=-13.944841613528137, position=(150 ; 131)} ->> x=150, y=120
VoiceCommand(direction=SOUTH, speedLevel=L2_SUB_SONIC)
Clark {horizontal=0.0, vertical=-13.658695094462171, position=(150 ; 124)} ->> x=150, y=120
VoiceCommand(direction=SOUTH, speedLevel=L2_SUB_SONIC)
Clark {horizontal=0.0, vertical=-13.392295215253458, position=(150 ; 117)} ->> x=150, y=120
VoiceCommand(direction=NORTH, speedLevel=L2_SUB_SONIC)
Clark {horizontal=0.0, vertical=-11.143911287422206, position=(150 ; 111)} ->> x=150, y=120
VoiceCommand(direction=NORTH, speedLevel=L2_SUB_SONIC)
Clark {horizontal=0.0, vertical=-9.033444390467366, position=(150 ; 106)} ->> x=150, y=120
VoiceCommand(direction=NORTH, speedLevel=L2_SUB_SONIC)
Clark {horizontal=0.0, vertical=-7.029436596578201, position=(150 ; 102)} ->> x=150, y=120
VoiceCommand(direction=NORTH, speedLevel=L2_SUB_SONIC)
Clark {horizontal=0.0, vertical=-5.105904149414918, position=(150 ; 99)} ->> x=150, y=120
VoiceCommand(direction=NORTH, speedLevel=L3_SUPER_SONIC)
Clark {horizontal=0.0, vertical=-2.740728506457387, position=(150 ; 97)} ->> x=150, y=120
VoiceCommand(direction=NORTH, speedLevel=L3_SUPER_SONIC)
Clark {horizontal=0.0, vertical=-0.42194952459211654, position=(150 ; 96)} ->> x=150, y=120
VoiceCommand(direction=NORTH, speedLevel=L3_SUPER_SONIC)
Clark {horizontal=0.0, vertical=1.8784955789111422, position=(150 ; 96)} ->> x=150, y=120
VoiceCommand(direction=NORTH, speedLevel=L3_SUPER_SONIC)
Clark {horizontal=0.0, vertical=2.56967371481117, position=(150 ; 97)} ->> x=150, y=120
VoiceCommand(direction=NORTH, speedLevel=L3_SUPER_SONIC)
Clark {horizontal=0.0, vertical=3.2531656573096916, position=(150 ; 98)} ->> x=150, y=120
VoiceCommand(direction=NORTH, speedLevel=L3_SUPER_SONIC)
Clark {horizontal=0.0, vertical=3.9267079403249436, position=(150 ; 100)} ->> x=150, y=120
VoiceCommand(direction=NORTH, speedLevel=L3_SUPER_SONIC)
Clark {horizontal=0.0, vertical=4.588160352203416, position=(150 ; 102)} ->> x=150, y=120
VoiceCommand(direction=NORTH, speedLevel=L2_SUB_SONIC)
Clark {horizontal=0.0, vertical=4.735532313659587, position=(150 ; 104)} ->> x=150, y=120
VoiceCommand(direction=NORTH, speedLevel=L2_SUB_SONIC)
Clark {horizontal=0.0, vertical=4.879469147925302, position=(150 ; 106)} ->> x=150, y=120
VoiceCommand(direction=NORTH, speedLevel=L2_SUB_SONIC)
Clark {horizontal=0.0, vertical=5.019946100011414, position=(150 ; 108)} ->> x=150, y=120
VoiceCommand(direction=NORTH, speedLevel=L2_SUB_SONIC)
Clark {horizontal=0.0, vertical=5.156946452893864, position=(150 ; 111)} ->> x=150, y=120
VoiceCommand(direction=NORTH, speedLevel=L2_SUB_SONIC)
Clark {horizontal=0.0, vertical=5.290461211098828, position=(150 ; 114)} ->> x=150, y=120
VoiceCommand(direction=NORTH, speedLevel=L2_SUB_SONIC)
Clark {horizontal=0.0, vertical=5.420488761533474, position=(150 ; 117)} ->> x=150, y=120
VoiceCommand(direction=NORTH, speedLevel=L2_SUB_SONIC)
Clark {horizontal=0.0, vertical=5.547034515498698, position=(150 ; 120)} ->> x=150, y=120
Removing target
VoiceCommand(direction=SOUTH, speedLevel=L0_RUNNING_HUMAN)
Clark {horizontal=0.0, vertical=4.670110535708363, position=(150 ; 123)} ->> x=350, y=300
VoiceCommand(direction=EAST, speedLevel=L4_MACH_9350)
Clark {horizontal=1.2, vertical=3.8155857046690276, position=(150 ; 125)} ->> x=350, y=300
VoiceCommand(direction=EAST, speedLevel=L4_MACH_9350)
Clark {horizontal=2.3964, vertical=2.979188968994841, position=(151 ; 127)} ->> x=350, y=300
VoiceCommand(direction=EAST, speedLevel=L4_MACH_9350)
Clark {horizontal=3.5820431675999997, vertical=2.1570000517123895, position=(152 ; 128)} ->> x=350, y=300
VoiceCommand(direction=EAST, speedLevel=L4_MACH_9350)
Clark {horizontal=4.7499655844636255, vertical=1.3453684286546714, position=(154 ; 129)} ->> x=350, y=300
VoiceCommand(direction=EAST, speedLevel=L4_MACH_9350)
Clark {horizontal=5.893560151829654, vertical=0.5408433881326196, position=(157 ; 129)} ->> x=350, y=300
VoiceCommand(direction=EAST, speedLevel=L4_MACH_9350)
Clark {horizontal=7.006725023671567, vertical=0.0, position=(160 ; 129)} ->> x=350, y=300
VoiceCommand(direction=EAST, speedLevel=L4_MACH_9350)
Clark {horizontal=8.083989534778205, vertical=0.0, position=(164 ; 129)} ->> x=350, y=300
VoiceCommand(direction=EAST, speedLevel=L4_MACH_9350)
Clark {horizontal=9.120612317782196, vertical=0.0, position=(168 ; 129)} ->> x=350, y=300
VoiceCommand(direction=EAST, speedLevel=L4_MACH_9350)
Clark {horizontal=10.112648395153995, vertical=0.0, position=(173 ; 129)} ->> x=350, y=300
VoiceCommand(direction=EAST, speedLevel=L4_MACH_9350)
Clark {horizontal=11.056984251243968, vertical=0.0, position=(178 ; 129)} ->> x=350, y=300
VoiceCommand(direction=EAST, speedLevel=L4_MACH_9350)
Clark {horizontal=11.951341999413325, vertical=0.0, position=(184 ; 129)} ->> x=350, y=300
VoiceCommand(direction=EAST, speedLevel=L4_MACH_9350)
Clark {horizontal=12.794255560445972, vertical=0.0, position=(190 ; 129)} ->> x=350, y=300
VoiceCommand(direction=EAST, speedLevel=L4_MACH_9350)
Clark {horizontal=13.585023122080965, vertical=0.0, position=(197 ; 129)} ->> x=350, y=300
VoiceCommand(direction=EAST, speedLevel=L4_MACH_9350)
Clark {horizontal=14.32364098901228, vertical=0.0, position=(204 ; 129)} ->> x=350, y=300
VoiceCommand(direction=EAST, speedLevel=L4_MACH_9350)
Clark {horizontal=15.010724261056998, vertical=0.0, position=(211 ; 129)} ->> x=350, y=300
VoiceCommand(direction=EAST, speedLevel=L4_MACH_9350)
Clark {horizontal=15.647419653953285, vertical=0.0, position=(219 ; 129)} ->> x=350, y=300
VoiceCommand(direction=EAST, speedLevel=L4_MACH_9350)
Clark {horizontal=16.235315299385977, vertical=0.0, position=(227 ; 129)} ->> x=350, y=300
VoiceCommand(direction=EAST, speedLevel=L4_MACH_9350)
Clark {horizontal=16.776351642209786, vertical=0.0, position=(235 ; 129)} ->> x=350, y=300
VoiceCommand(direction=EAST, speedLevel=L4_MACH_9350)
Clark {horizontal=17.2727367061521, vertical=0.0, position=(244 ; 129)} ->> x=350, y=300
VoiceCommand(direction=EAST, speedLevel=L4_MACH_9350)
Clark {horizontal=17.726868122851965, vertical=0.0, position=(253 ; 129)} ->> x=350, y=300
VoiceCommand(direction=EAST, speedLevel=L4_MACH_9350)
Clark {horizontal=18.141263489239503, vertical=0.0, position=(262 ; 129)} ->> x=350, y=300
VoiceCommand(direction=EAST, speedLevel=L4_MACH_9350)
Clark {horizontal=18.518499886774467, vertical=0.0, position=(271 ; 129)} ->> x=350, y=300
VoiceCommand(direction=EAST, speedLevel=L4_MACH_9350)
Clark {horizontal=18.8611627916333, vertical=0.0, position=(280 ; 129)} ->> x=350, y=300
VoiceCommand(direction=EAST, speedLevel=L4_MACH_9350)
Clark {horizontal=19.17180413700207, vertical=0.0, position=(290 ; 129)} ->> x=350, y=300
VoiceCommand(direction=EAST, speedLevel=L4_MACH_9350)
Clark {horizontal=19.452908952333146, vertical=0.0, position=(300 ; 129)} ->> x=350, y=300
VoiceCommand(direction=EAST, speedLevel=L4_MACH_9350)
Clark {horizontal=19.70686978556374, vertical=0.0, position=(310 ; 129)} ->> x=350, y=300
VoiceCommand(direction=EAST, speedLevel=L4_MACH_9350)
Clark {horizontal=19.935967993700828, vertical=0.0, position=(320 ; 129)} ->> x=350, y=300
VoiceCommand(direction=EAST, speedLevel=L3_SUPER_SONIC)
Clark {horizontal=19.642360944086168, vertical=0.0, position=(330 ; 129)} ->> x=350, y=300
VoiceCommand(direction=EAST, speedLevel=L3_SUPER_SONIC)
Clark {horizontal=19.377805085441764, vertical=0.0, position=(340 ; 129)} ->> x=350, y=300
VoiceCommand(direction=EAST, speedLevel=L2_SUB_SONIC)
Clark {horizontal=18.63905676061833, vertical=0.0, position=(350 ; 129)} ->> x=350, y=300
VoiceCommand(direction=NORTH, speedLevel=L4_MACH_9350)
Clark {horizontal=16.970520668304452, vertical=1.2, position=(359 ; 129)} ->> x=350, y=300
VoiceCommand(direction=NORTH, speedLevel=L4_MACH_9350)
Clark {horizontal=15.45052423892108, vertical=2.3964, position=(367 ; 130)} ->> x=350, y=300
VoiceCommand(direction=NORTH, speedLevel=L4_MACH_9350)
Clark {horizontal=14.05372749077736, vertical=3.5820431675999997, position=(374 ; 131)} ->> x=350, y=300
VoiceCommand(direction=NORTH, speedLevel=L4_MACH_9350)
Clark {horizontal=12.759959349814782, vertical=4.7499655844636255, position=(381 ; 133)} ->> x=350, y=300
VoiceCommand(direction=NORTH, speedLevel=L4_MACH_9350)
Clark {horizontal=11.552917943292467, vertical=5.893560151829654, position=(387 ; 136)} ->> x=350, y=300
VoiceCommand(direction=NORTH, speedLevel=L4_MACH_9350)
Clark {horizontal=10.419243160781345, vertical=7.006725023671567, position=(392 ; 139)} ->> x=350, y=300
VoiceCommand(direction=NORTH, speedLevel=L4_MACH_9350)
Clark {horizontal=9.347841590672623, vertical=8.083989534778205, position=(397 ; 143)} ->> x=350, y=300
VoiceCommand(direction=NORTH, speedLevel=L4_MACH_9350)
Clark {horizontal=8.32938623466185, vertical=9.120612317782196, position=(401 ; 147)} ->> x=350, y=300
VoiceCommand(direction=NORTH, speedLevel=L4_MACH_9350)
Clark {horizontal=7.355939547046415, vertical=10.112648395153995, position=(405 ; 152)} ->> x=350, y=300
VoiceCommand(direction=NORTH, speedLevel=L4_MACH_9350)
Clark {horizontal=6.420664930496911, vertical=11.056984251243968, position=(408 ; 157)} ->> x=350, y=300
VoiceCommand(direction=NORTH, speedLevel=L4_MACH_9350)
Clark {horizontal=5.517602585122629, vertical=11.951341999413325, position=(411 ; 163)} ->> x=350, y=300
VoiceCommand(direction=NORTH, speedLevel=L4_MACH_9350)
Clark {horizontal=4.641492739404249, vertical=12.794255560445972, position=(414 ; 169)} ->> x=350, y=300
VoiceCommand(direction=NORTH, speedLevel=L4_MACH_9350)
Clark {horizontal=3.7876341022793936, vertical=13.585023122080965, position=(416 ; 176)} ->> x=350, y=300
VoiceCommand(direction=NORTH, speedLevel=L4_MACH_9350)
Clark {horizontal=2.951768672047519, vertical=14.32364098901228, position=(418 ; 183)} ->> x=350, y=300
VoiceCommand(direction=NORTH, speedLevel=L4_MACH_9350)
Clark {horizontal=2.1299863263143157, vertical=15.010724261056998, position=(419 ; 190)} ->> x=350, y=300
VoiceCommand(direction=NORTH, speedLevel=L4_MACH_9350)
Clark {horizontal=1.3186442219386008, vertical=15.647419653953285, position=(420 ; 198)} ->> x=350, y=300
VoiceCommand(direction=NORTH, speedLevel=L4_MACH_9350)
Clark {horizontal=0.5142971654784706, vertical=16.235315299385977, position=(420 ; 206)} ->> x=350, y=300
VoiceCommand(direction=NORTH, speedLevel=L4_MACH_9350)
Clark {horizontal=0.0, vertical=16.776351642209786, position=(420 ; 214)} ->> x=350, y=300
VoiceCommand(direction=NORTH, speedLevel=L4_MACH_9350)
Clark {horizontal=0.0, vertical=17.2727367061521, position=(420 ; 223)} ->> x=350, y=300
VoiceCommand(direction=NORTH, speedLevel=L4_MACH_9350)
Clark {horizontal=0.0, vertical=17.726868122851965, position=(420 ; 232)} ->> x=350, y=300
VoiceCommand(direction=NORTH, speedLevel=L4_MACH_9350)
Clark {horizontal=0.0, vertical=18.141263489239503, position=(420 ; 241)} ->> x=350, y=300
VoiceCommand(direction=NORTH, speedLevel=L4_MACH_9350)
Clark {horizontal=0.0, vertical=18.518499886774467, position=(420 ; 250)} ->> x=350, y=300
VoiceCommand(direction=NORTH, speedLevel=L4_MACH_9350)
Clark {horizontal=0.0, vertical=18.8611627916333, position=(420 ; 259)} ->> x=350, y=300
VoiceCommand(direction=NORTH, speedLevel=L4_MACH_9350)
Clark {horizontal=0.0, vertical=19.17180413700207, position=(420 ; 269)} ->> x=350, y=300
VoiceCommand(direction=NORTH, speedLevel=L3_SUPER_SONIC)
Clark {horizontal=0.0, vertical=18.952908952333146, position=(420 ; 279)} ->> x=350, y=300
VoiceCommand(direction=NORTH, speedLevel=L3_SUPER_SONIC)
Clark {horizontal=0.0, vertical=18.754877057944572, position=(420 ; 288)} ->> x=350, y=300
VoiceCommand(direction=NORTH, speedLevel=L2_SUB_SONIC)
Clark {horizontal=0.0, vertical=18.07551352429803, position=(420 ; 297)} ->> x=350, y=300
VoiceCommand(direction=NORTH, speedLevel=L2_SUB_SONIC)
Clark {horizontal=0.0, vertical=17.45870305138033, position=(420 ; 306)} ->> x=350, y=300
VoiceCommand(direction=WEST, speedLevel=L4_MACH_9350)
Clark {horizontal=-1.2, vertical=15.896687270789638, position=(420 ; 314)} ->> x=350, y=300
VoiceCommand(direction=WEST, speedLevel=L4_MACH_9350)
Clark {horizontal=-2.3964, vertical=14.464925605326425, position=(419 ; 322)} ->> x=350, y=300
VoiceCommand(direction=WEST, speedLevel=L4_MACH_9350)
Clark {horizontal=-3.5820431675999997, vertical=13.141840423407354, position=(418 ; 329)} ->> x=350, y=300
VoiceCommand(direction=WEST, speedLevel=L4_MACH_9350)
Clark {horizontal=-4.7499655844636255, vertical=11.910070499121595, position=(416 ; 335)} ->> x=350, y=300
VoiceCommand(direction=WEST, speedLevel=L4_MACH_9350)
Clark {horizontal=-5.893560151829654, vertical=10.755446050886478, position=(413 ; 341)} ->> x=350, y=300
VoiceCommand(direction=WEST, speedLevel=L4_MACH_9350)
Clark {horizontal=-7.006725023671567, vertical=9.666247001502654, position=(410 ; 346)} ->> x=350, y=300
VoiceCommand(direction=WEST, speedLevel=L4_MACH_9350)
Clark {horizontal=-8.083989534778205, vertical=8.632656173767506, position=(406 ; 351)} ->> x=350, y=300
VoiceCommand(direction=WEST, speedLevel=L4_MACH_9350)
Clark {horizontal=-9.120612317782196, vertical=7.646349292231291, position=(402 ; 355)} ->> x=350, y=300
VoiceCommand(direction=WEST, speedLevel=L4_MACH_9350)
Clark {horizontal=-10.112648395153995, vertical=6.700182648484276, position=(397 ; 359)} ->> x=350, y=300
VoiceCommand(direction=WEST, speedLevel=L4_MACH_9350)
Clark {horizontal=-11.056984251243968, vertical=5.7879515296766515, position=(392 ; 362)} ->> x=350, y=300
VoiceCommand(direction=WEST, speedLevel=L4_MACH_9350)
Clark {horizontal=-11.951341999413325, vertical=4.904200572401936, position=(386 ; 365)} ->> x=350, y=300
VoiceCommand(direction=WEST, speedLevel=L3_SUPER_SONIC)
Clark {horizontal=-12.294255560445972, vertical=4.044072614266067, position=(380 ; 367)} ->> x=350, y=300
VoiceCommand(direction=WEST, speedLevel=L3_SUPER_SONIC)
Clark {horizontal=-12.61638376098208, vertical=3.2031863059924253, position=(374 ; 369)} ->> x=350, y=300
VoiceCommand(direction=WEST, speedLevel=L3_SUPER_SONIC)
Clark {horizontal=-12.91845091297115, vertical=2.3775352997151815, position=(368 ; 370)} ->> x=350, y=300
VoiceCommand(direction=WEST, speedLevel=L2_SUB_SONIC)
Clark {horizontal=-12.701234977994037, vertical=1.563403614461702, position=(362 ; 371)} ->> x=350, y=300
VoiceCommand(direction=WEST, speedLevel=L2_SUB_SONIC)
Clark {horizontal=-12.49793155307849, vertical=0.7572930373074223, position=(356 ; 372)} ->> x=350, y=300
VoiceCommand(direction=WEST, speedLevel=L2_SUB_SONIC)
Clark {horizontal=-12.307435820314902, vertical=0.0, position=(350 ; 372)} ->> x=350, y=300
VoiceCommand(direction=SOUTH, speedLevel=L4_MACH_9350)
Clark {horizontal=-11.128753379136976, vertical=-1.2, position=(344 ; 372)} ->> x=350, y=300
VoiceCommand(direction=EAST, speedLevel=L2_SUB_SONIC)
Clark {horizontal=-9.019130499702843, vertical=-0.39639999999999986, position=(339 ; 372)} ->> x=350, y=300
VoiceCommand(direction=EAST, speedLevel=L2_SUB_SONIC)
Clark {horizontal=-7.015768712276168, vertical=0.0, position=(335 ; 372)} ->> x=350, y=300
VoiceCommand(direction=EAST, speedLevel=L2_SUB_SONIC)
Clark {horizontal=-5.092716185715785, vertical=0.0, position=(332 ; 372)} ->> x=350, y=300
VoiceCommand(direction=EAST, speedLevel=L2_SUB_SONIC)
Clark {horizontal=-3.227876790345156, vertical=0.0, position=(330 ; 372)} ->> x=350, y=300
VoiceCommand(direction=EAST, speedLevel=L3_SUPER_SONIC)
Clark {horizontal=-0.9018288189110337, vertical=0.0, position=(329 ; 372)} ->> x=350, y=300
VoiceCommand(direction=EAST, speedLevel=L3_SUPER_SONIC)
Clark {horizontal=1.4002044191355125, vertical=0.0, position=(329 ; 372)} ->> x=350, y=300
VoiceCommand(direction=EAST, speedLevel=L3_SUPER_SONIC)
Clark {horizontal=2.095302988097096, vertical=0.0, position=(330 ; 372)} ->> x=350, y=300
VoiceCommand(direction=EAST, speedLevel=L3_SUPER_SONIC)
Clark {horizontal=2.7843272515672743, vertical=0.0, position=(331 ; 372)} ->> x=350, y=300
VoiceCommand(direction=EAST, speedLevel=L2_SUB_SONIC)
Clark {horizontal=2.964946055957724, vertical=0.0, position=(332 ; 372)} ->> x=350, y=300
VoiceCommand(direction=EAST, speedLevel=L2_SUB_SONIC)
Clark {horizontal=3.142968793170876, vertical=0.0, position=(334 ; 372)} ->> x=350, y=300
VoiceCommand(direction=EAST, speedLevel=L2_SUB_SONIC)
Clark {horizontal=3.318273161083761, vertical=0.0, position=(336 ; 372)} ->> x=350, y=300
VoiceCommand(direction=EAST, speedLevel=L2_SUB_SONIC)
Clark {horizontal=3.490745819154839, vertical=0.0, position=(338 ; 372)} ->> x=350, y=300
VoiceCommand(direction=EAST, speedLevel=L2_SUB_SONIC)
Clark {horizontal=3.6602825532199716, vertical=0.0, position=(340 ; 372)} ->> x=350, y=300
VoiceCommand(direction=EAST, speedLevel=L2_SUB_SONIC)
Clark {horizontal=3.8267883822964555, vertical=0.0, position=(342 ; 372)} ->> x=350, y=300
VoiceCommand(direction=EAST, speedLevel=L2_SUB_SONIC)
Clark {horizontal=3.9901776089892573, vertical=0.0, position=(344 ; 372)} ->> x=350, y=300
VoiceCommand(direction=EAST, speedLevel=L2_SUB_SONIC)
Clark {horizontal=4.15037381561106, vertical=0.0, position=(346 ; 372)} ->> x=350, y=300
VoiceCommand(direction=EAST, speedLevel=L2_SUB_SONIC)
Clark {horizontal=4.307309808587785, vertical=0.0, position=(348 ; 372)} ->> x=350, y=300
VoiceCommand(direction=EAST, speedLevel=L1_TRAIN)
Clark {horizontal=3.960927514119894, vertical=0.0, position=(350 ; 372)} ->> x=350, y=300
VoiceCommand(direction=SOUTH, speedLevel=L4_MACH_9350)
Clark {horizontal=3.121705147189614, vertical=-1.2, position=(352 ; 372)} ->> x=350, y=300
VoiceCommand(direction=WEST, speedLevel=L1_TRAIN)
Clark {horizontal=1.7973425396246383, vertical=-0.39639999999999986, position=(353 ; 372)} ->> x=350, y=300
VoiceCommand(direction=WEST, speedLevel=L2_SUB_SONIC)
Clark {horizontal=-0.010733560887222549, vertical=0.0, position=(353 ; 372)} ->> x=350, y=300
VoiceCommand(direction=WEST, speedLevel=L2_SUB_SONIC)
Clark {horizontal=-0.2107332728638992, vertical=0.0, position=(353 ; 372)} ->> x=350, y=300
VoiceCommand(direction=WEST, speedLevel=L2_SUB_SONIC)
Clark {horizontal=-0.41062225158316934, vertical=0.0, position=(353 ; 372)} ->> x=350, y=300
VoiceCommand(direction=WEST, speedLevel=L2_SUB_SONIC)
Clark {horizontal=-0.6102007249994312, vertical=0.0, position=(353 ; 372)} ->> x=350, y=300
VoiceCommand(direction=WEST, speedLevel=L2_SUB_SONIC)
Clark {horizontal=-0.8092698626874566, vertical=0.0, position=(353 ; 372)} ->> x=350, y=300
VoiceCommand(direction=WEST, speedLevel=L2_SUB_SONIC)
Clark {horizontal=-1.0076325684108212, vertical=0.0, position=(353 ; 372)} ->> x=350, y=300
VoiceCommand(direction=WEST, speedLevel=L2_SUB_SONIC)
Clark {horizontal=-1.2050942599285155, vertical=0.0, position=(352 ; 372)} ->> x=350, y=300
VoiceCommand(direction=WEST, speedLevel=L1_TRAIN)
Clark {horizontal=-0.9014636294902338, vertical=0.0, position=(351 ; 372)} ->> x=350, y=300
VoiceCommand(direction=WEST, speedLevel=L1_TRAIN)
Clark {horizontal=-0.5994320378019995, vertical=0.0, position=(351 ; 372)} ->> x=350, y=300
VoiceCommand(direction=WEST, speedLevel=L1_TRAIN)
Clark {horizontal=-0.2985337408821408, vertical=0.0, position=(351 ; 372)} ->> x=350, y=300
VoiceCommand(direction=WEST, speedLevel=L1_TRAIN)
Clark {horizontal=0.0016890651039719318, vertical=0.0, position=(351 ; 372)} ->> x=350, y=300
VoiceCommand(direction=WEST, speedLevel=L1_TRAIN)
Clark {horizontal=-1.2983109420283805, vertical=0.0, position=(351 ; 372)} ->> x=350, y=300
VoiceCommand(direction=WEST, speedLevel=L1_TRAIN)
Clark {horizontal=-0.9940969137729039, vertical=0.0, position=(350 ; 372)} ->> x=350, y=300
VoiceCommand(direction=SOUTH, speedLevel=L4_MACH_9350)
Clark {horizontal=-0.1916263420879718, vertical=-1.2, position=(350 ; 372)} ->> x=350, y=300
VoiceCommand(direction=SOUTH, speedLevel=L4_MACH_9350)
Clark {horizontal=0.0, vertical=-2.3964, position=(350 ; 371)} ->> x=350, y=300
VoiceCommand(direction=SOUTH, speedLevel=L4_MACH_9350)
Clark {horizontal=0.0, vertical=-3.5820431675999997, position=(350 ; 370)} ->> x=350, y=300
VoiceCommand(direction=SOUTH, speedLevel=L4_MACH_9350)
Clark {horizontal=0.0, vertical=-4.7499655844636255, position=(350 ; 368)} ->> x=350, y=300
VoiceCommand(direction=SOUTH, speedLevel=L4_MACH_9350)
Clark {horizontal=0.0, vertical=-5.893560151829654, position=(350 ; 365)} ->> x=350, y=300
VoiceCommand(direction=SOUTH, speedLevel=L4_MACH_9350)
Clark {horizontal=0.0, vertical=-7.006725023671567, position=(350 ; 362)} ->> x=350, y=300
VoiceCommand(direction=SOUTH, speedLevel=L4_MACH_9350)
Clark {horizontal=0.0, vertical=-8.083989534778205, position=(350 ; 358)} ->> x=350, y=300
VoiceCommand(direction=SOUTH, speedLevel=L4_MACH_9350)
Clark {horizontal=0.0, vertical=-9.120612317782196, position=(350 ; 354)} ->> x=350, y=300
VoiceCommand(direction=SOUTH, speedLevel=L4_MACH_9350)
Clark {horizontal=0.0, vertical=-10.112648395153995, position=(350 ; 349)} ->> x=350, y=300
VoiceCommand(direction=SOUTH, speedLevel=L4_MACH_9350)
Clark {horizontal=0.0, vertical=-11.056984251243968, position=(350 ; 344)} ->> x=350, y=300
VoiceCommand(direction=SOUTH, speedLevel=L4_MACH_9350)
Clark {horizontal=0.0, vertical=-11.951341999413325, position=(350 ; 338)} ->> x=350, y=300
VoiceCommand(direction=SOUTH, speedLevel=L3_SUPER_SONIC)
Clark {horizontal=0.0, vertical=-12.294255560445972, position=(350 ; 332)} ->> x=350, y=300
VoiceCommand(direction=SOUTH, speedLevel=L3_SUPER_SONIC)
Clark {horizontal=0.0, vertical=-12.61638376098208, position=(350 ; 326)} ->> x=350, y=300
VoiceCommand(direction=SOUTH, speedLevel=L3_SUPER_SONIC)
Clark {horizontal=0.0, vertical=-12.91845091297115, position=(350 ; 320)} ->> x=350, y=300
VoiceCommand(direction=SOUTH, speedLevel=L3_SUPER_SONIC)
Clark {horizontal=0.0, vertical=-13.201234977994037, position=(350 ; 313)} ->> x=350, y=300
VoiceCommand(direction=SOUTH, speedLevel=L2_SUB_SONIC)
Clark {horizontal=0.0, vertical=-12.965553465633505, position=(350 ; 306)} ->> x=350, y=300
VoiceCommand(direction=SOUTH, speedLevel=L2_SUB_SONIC)
Clark {horizontal=0.0, vertical=-12.745289523958002, position=(350 ; 300)} ->> x=350, y=300
Removing target
VoiceCommand(direction=SOUTH, speedLevel=L0_RUNNING_HUMAN)
Clark {horizontal=0.0, vertical=-11.539183511334219, position=(350 ; 294)} ->> x=370, y=240
VoiceCommand(direction=EAST, speedLevel=L3_SUPER_SONIC)
Clark {horizontal=0.7, vertical=-10.4063016210636, position=(350 ; 289)} ->> x=370, y=240
VoiceCommand(direction=EAST, speedLevel=L3_SUPER_SONIC)
Clark {horizontal=1.3987749999999999, vertical=-9.335573837492223, position=(351 ; 284)} ->> x=370, y=240
VoiceCommand(direction=EAST, speedLevel=L2_SUB_SONIC)
Clark {horizontal=1.5938835712484374, vertical=-8.31769149030405, position=(352 ; 280)} ->> x=370, y=240
VoiceCommand(direction=EAST, speedLevel=L2_SUB_SONIC)
Clark {horizontal=1.7875324091516982, vertical=-7.344731510984358, position=(353 ; 276)} ->> x=370, y=240
VoiceCommand(direction=EAST, speedLevel=L2_SUB_SONIC)
Clark {horizontal=1.979544228867279, vertical=-6.409868808563242, position=(354 ; 273)} ->> x=370, y=240
VoiceCommand(direction=EAST, speedLevel=L2_SUB_SONIC)
Clark {horizontal=2.169747740482175, vertical=-5.507152763205761, position=(355 ; 270)} ->> x=370, y=240
VoiceCommand(direction=EAST, speedLevel=L2_SUB_SONIC)
Clark {horizontal=2.357978227338856, vertical=-4.631330934312549, position=(356 ; 267)} ->> x=370, y=240
VoiceCommand(direction=EAST, speedLevel=L2_SUB_SONIC)
Clark {horizontal=2.544078074037346, vertical=-3.7777078687547485, position=(357 ; 265)} ->> x=370, y=240
VoiceCommand(direction=EAST, speedLevel=L2_SUB_SONIC)
Clark {horizontal=2.7278972409203517, vertical=-2.9420301769006194, position=(358 ; 263)} ->> x=370, y=240
VoiceCommand(direction=EAST, speedLevel=L2_SUB_SONIC)
Clark {horizontal=2.9092936825277995, vertical=-2.1203913229961344, position=(359 ; 262)} ->> x=370, y=240
VoiceCommand(direction=EAST, speedLevel=L2_SUB_SONIC)
Clark {horizontal=3.088133708199809, vertical=-1.309151174589541, position=(360 ; 261)} ->> x=370, y=240
VoiceCommand(direction=EAST, speedLevel=L2_SUB_SONIC)
Clark {horizontal=3.2642922837005095, vertical=-0.504866482594718, position=(362 ; 261)} ->> x=370, y=240
VoiceCommand(direction=EAST, speedLevel=L2_SUB_SONIC)
Clark {horizontal=3.4376532734169425, vertical=0.0, position=(364 ; 261)} ->> x=370, y=240
VoiceCommand(direction=EAST, speedLevel=L2_SUB_SONIC)
Clark {horizontal=3.608109623346357, vertical=0.0, position=(366 ; 261)} ->> x=370, y=240
VoiceCommand(direction=EAST, speedLevel=L2_SUB_SONIC)
Clark {horizontal=3.7755634857111455, vertical=0.0, position=(368 ; 261)} ->> x=370, y=240
VoiceCommand(direction=EAST, speedLevel=L1_TRAIN)
Clark {horizontal=3.4399262866245572, vertical=0.0, position=(370 ; 261)} ->> x=370, y=240
VoiceCommand(direction=SOUTH, speedLevel=L3_SUPER_SONIC)
Clark {horizontal=2.6103435544810307, vertical=-0.7, position=(372 ; 261)} ->> x=370, y=240
VoiceCommand(direction=WEST, speedLevel=L1_TRAIN)
Clark {horizontal=1.293308820799979, vertical=0.0, position=(373 ; 261)} ->> x=370, y=240
VoiceCommand(direction=WEST, speedLevel=L2_SUB_SONIC)
Clark {horizontal=-0.5108727984649186, vertical=0.0, position=(373 ; 261)} ->> x=370, y=240
VoiceCommand(direction=WEST, speedLevel=L2_SUB_SONIC)
Clark {horizontal=-0.7102203209243901, vertical=0.0, position=(373 ; 261)} ->> x=370, y=240
VoiceCommand(direction=WEST, speedLevel=L2_SUB_SONIC)
Clark {horizontal=-0.9089592886637552, vertical=0.0, position=(373 ; 261)} ->> x=370, y=240
VoiceCommand(direction=WEST, speedLevel=L2_SUB_SONIC)
Clark {horizontal=-1.106893771192635, vertical=0.0, position=(372 ; 261)} ->> x=370, y=240
VoiceCommand(direction=WEST, speedLevel=L1_TRAIN)
Clark {horizontal=-0.8038307366408723, vertical=0.0, position=(372 ; 261)} ->> x=370, y=240
VoiceCommand(direction=WEST, speedLevel=L1_TRAIN)
Clark {horizontal=-0.5022153770079508, vertical=0.0, position=(372 ; 261)} ->> x=370, y=240
VoiceCommand(direction=WEST, speedLevel=L1_TRAIN)
Clark {horizontal=-0.20158482629569263, vertical=0.0, position=(372 ; 261)} ->> x=370, y=240
VoiceCommand(direction=WEST, speedLevel=L1_TRAIN)
Clark {horizontal=0.0985167648097891, vertical=0.0, position=(372 ; 261)} ->> x=370, y=240
VoiceCommand(direction=WEST, speedLevel=L1_TRAIN)
Clark {horizontal=-1.2015074990725825, vertical=0.0, position=(372 ; 261)} ->> x=370, y=240
VoiceCommand(direction=WEST, speedLevel=L1_TRAIN)
Clark {horizontal=-0.8978984483967632, vertical=0.0, position=(371 ; 261)} ->> x=370, y=240
VoiceCommand(direction=WEST, speedLevel=L1_TRAIN)
Clark {horizontal=-0.5958828943376799, vertical=0.0, position=(371 ; 261)} ->> x=370, y=240
VoiceCommand(direction=WEST, speedLevel=L1_TRAIN)
Clark {horizontal=-0.2949952032782692, vertical=0.0, position=(371 ; 261)} ->> x=370, y=240
VoiceCommand(direction=WEST, speedLevel=L1_TRAIN)
Clark {horizontal=0.00522235214662381, vertical=0.0, position=(371 ; 261)} ->> x=370, y=240
VoiceCommand(direction=WEST, speedLevel=L1_TRAIN)
Clark {horizontal=-1.2947777160357812, vertical=0.0, position=(371 ; 261)} ->> x=370, y=240
VoiceCommand(direction=WEST, speedLevel=L1_TRAIN)
Clark {horizontal=-0.9905865927009241, vertical=0.0, position=(370 ; 261)} ->> x=370, y=240
VoiceCommand(direction=SOUTH, speedLevel=L3_SUPER_SONIC)
Clark {horizontal=-0.18813343820682693, vertical=-0.7, position=(370 ; 261)} ->> x=370, y=240
VoiceCommand(direction=SOUTH, speedLevel=L3_SUPER_SONIC)
Clark {horizontal=0.0, vertical=-1.3987749999999999, position=(370 ; 260)} ->> x=370, y=240
VoiceCommand(direction=SOUTH, speedLevel=L3_SUPER_SONIC)
Clark {horizontal=0.0, vertical=-2.0938835712484374, position=(370 ; 259)} ->> x=370, y=240
VoiceCommand(direction=SOUTH, speedLevel=L2_SUB_SONIC)
Clark {horizontal=0.0, vertical=-2.282922700223577, position=(370 ; 258)} ->> x=370, y=240
VoiceCommand(direction=SOUTH, speedLevel=L2_SUB_SONIC)
Clark {horizontal=0.0, vertical=-2.4698933600855866, position=(370 ; 257)} ->> x=370, y=240
VoiceCommand(direction=SOUTH, speedLevel=L2_SUB_SONIC)
Clark {horizontal=0.0, vertical=-2.6546424270600992, position=(370 ; 256)} ->> x=370, y=240
VoiceCommand(direction=SOUTH, speedLevel=L2_SUB_SONIC)
Clark {horizontal=0.0, vertical=-2.8370246110212305, position=(370 ; 255)} ->> x=370, y=240
VoiceCommand(direction=SOUTH, speedLevel=L2_SUB_SONIC)
Clark {horizontal=0.0, vertical=-3.01690283941238, position=(370 ; 254)} ->> x=370, y=240
VoiceCommand(direction=SOUTH, speedLevel=L2_SUB_SONIC)
Clark {horizontal=0.0, vertical=-3.194148582556244, position=(370 ; 252)} ->> x=370, y=240
VoiceCommand(direction=SOUTH, speedLevel=L2_SUB_SONIC)
Clark {horizontal=0.0, vertical=-3.3686421196376286, position=(370 ; 250)} ->> x=370, y=240
VoiceCommand(direction=SOUTH, speedLevel=L2_SUB_SONIC)
Clark {horizontal=0.0, vertical=-3.5402727453121368, position=(370 ; 248)} ->> x=370, y=240
VoiceCommand(direction=SOUTH, speedLevel=L2_SUB_SONIC)
Clark {horizontal=0.0, vertical=-3.708938917534137, position=(370 ; 246)} ->> x=370, y=240
VoiceCommand(direction=SOUTH, speedLevel=L2_SUB_SONIC)
Clark {horizontal=0.0, vertical=-3.8745483477991387, position=(370 ; 244)} ->> x=370, y=240
VoiceCommand(direction=SOUTH, speedLevel=L2_SUB_SONIC)
Clark {horizontal=0.0, vertical=-4.037018035550556, position=(370 ; 242)} ->> x=370, y=240
VoiceCommand(direction=SOUTH, speedLevel=L1_TRAIN)
Clark {horizontal=0.0, vertical=-3.6962742490021547, position=(370 ; 240)} ->> x=370, y=240
Removing target
VoiceCommand(direction=SOUTH, speedLevel=L0_RUNNING_HUMAN)
Clark {horizontal=0.0, vertical=-2.8621181406925635, position=(370 ; 238)} ->> x=100, y=370
VoiceCommand(direction=NORTH, speedLevel=L4_MACH_9350)
Clark {horizontal=0.0, vertical=-0.041638840064359695, position=(370 ; 237)} ->> x=100, y=370
VoiceCommand(direction=NORTH, speedLevel=L4_MACH_9350)
Clark {horizontal=0.0, vertical=2.758365494418145, position=(370 ; 238)} ->> x=100, y=370
VoiceCommand(direction=NORTH, speedLevel=L4_MACH_9350)
Clark {horizontal=0.0, vertical=3.9393440439161536, position=(370 ; 240)} ->> x=100, y=370
VoiceCommand(direction=NORTH, speedLevel=L4_MACH_9350)
Clark {horizontal=0.0, vertical=5.100547965175309, position=(370 ; 242)} ->> x=100, y=370
VoiceCommand(direction=NORTH, speedLevel=L4_MACH_9350)
Clark {horizontal=0.0, vertical=6.235508991312674, position=(370 ; 245)} ->> x=100, y=370
VoiceCommand(direction=NORTH, speedLevel=L4_MACH_9350)
Clark {horizontal=0.0, vertical=7.33830506036082, position=(370 ; 248)} ->> x=100, y=370
VoiceCommand(direction=NORTH, speedLevel=L4_MACH_9350)
Clark {horizontal=0.0, vertical=8.403678257463527, position=(370 ; 252)} ->> x=100, y=370
VoiceCommand(direction=NORTH, speedLevel=L4_MACH_9350)
Clark {horizontal=0.0, vertical=9.427123736826115, position=(370 ; 256)} ->> x=100, y=370
VoiceCommand(direction=NORTH, speedLevel=L4_MACH_9350)
Clark {horizontal=0.0, vertical=10.404947081952539, position=(370 ; 261)} ->> x=100, y=370
VoiceCommand(direction=NORTH, speedLevel=L4_MACH_9350)
Clark {horizontal=0.0, vertical=11.334289772506956, position=(370 ; 266)} ->> x=100, y=370
VoiceCommand(direction=NORTH, speedLevel=L4_MACH_9350)
Clark {horizontal=0.0, vertical=12.213124460889066, position=(370 ; 272)} ->> x=100, y=370
VoiceCommand(direction=NORTH, speedLevel=L4_MACH_9350)
Clark {horizontal=0.0, vertical=13.04022343814615, position=(370 ; 278)} ->> x=100, y=370
VoiceCommand(direction=NORTH, speedLevel=L4_MACH_9350)
Clark {horizontal=0.0, vertical=13.81510486985421, position=(370 ; 285)} ->> x=100, y=370
VoiceCommand(direction=NORTH, speedLevel=L4_MACH_9350)
Clark {horizontal=0.0, vertical=14.537962063441537, position=(370 ; 292)} ->> x=100, y=370
VoiceCommand(direction=NORTH, speedLevel=L4_MACH_9350)
Clark {horizontal=0.0, vertical=15.209581211046373, position=(370 ; 299)} ->> x=100, y=370
VoiceCommand(direction=NORTH, speedLevel=L4_MACH_9350)
Clark {horizontal=0.0, vertical=15.831252809507836, position=(370 ; 307)} ->> x=100, y=370
VoiceCommand(direction=NORTH, speedLevel=L4_MACH_9350)
Clark {horizontal=0.0, vertical=16.40468139571146, position=(370 ; 315)} ->> x=100, y=370
VoiceCommand(direction=NORTH, speedLevel=L4_MACH_9350)
Clark {horizontal=0.0, vertical=16.931897466474457, position=(370 ; 323)} ->> x=100, y=370
VoiceCommand(direction=NORTH, speedLevel=L4_MACH_9350)
Clark {horizontal=0.0, vertical=17.415174586936445, position=(370 ; 332)} ->> x=100, y=370
VoiceCommand(direction=NORTH, speedLevel=L3_SUPER_SONIC)
Clark {horizontal=0.0, vertical=17.35695382220275, position=(370 ; 341)} ->> x=100, y=370
VoiceCommand(direction=NORTH, speedLevel=L3_SUPER_SONIC)
Clark {horizontal=0.0, vertical=17.303794207237555, position=(370 ; 350)} ->> x=100, y=370
VoiceCommand(direction=NORTH, speedLevel=L3_SUPER_SONIC)
Clark {horizontal=0.0, vertical=17.255240972321484, position=(370 ; 359)} ->> x=100, y=370
VoiceCommand(direction=NORTH, speedLevel=L2_SUB_SONIC)
Clark {horizontal=0.0, vertical=16.71088261978928, position=(370 ; 367)} ->> x=100, y=370
VoiceCommand(direction=NORTH, speedLevel=L2_SUB_SONIC)
Clark {horizontal=0.0, vertical=16.212748624958344, position=(370 ; 375)} ->> x=100, y=370
VoiceCommand(direction=WEST, speedLevel=L4_MACH_9350)
Clark {horizontal=-1.2, vertical=14.755615580018123, position=(370 ; 383)} ->> x=100, y=370
VoiceCommand(direction=WEST, speedLevel=L4_MACH_9350)
Clark {horizontal=-2.3964, vertical=13.41129510215494, position=(369 ; 390)} ->> x=100, y=370
VoiceCommand(direction=WEST, speedLevel=L4_MACH_9350)
Clark {horizontal=-3.5820431675999997, vertical=12.161638011362227, position=(368 ; 396)} ->> x=100, y=370
VoiceCommand(direction=WEST, speedLevel=L4_MACH_9350)
Clark {horizontal=-4.7499655844636255, vertical=10.9918744135637, position=(366 ; 402)} ->> x=100, y=370
VoiceCommand(direction=WEST, speedLevel=L4_MACH_9350)
Clark {horizontal=-5.893560151829654, vertical=9.88982115575481, position=(363 ; 407)} ->> x=100, y=370
VoiceCommand(direction=WEST, speedLevel=L4_MACH_9350)
Clark {horizontal=-7.006725023671567, vertical=8.845299749522772, position=(360 ; 412)} ->> x=100, y=370
VoiceCommand(direction=WEST, speedLevel=L4_MACH_9350)
Clark {horizontal=-8.083989534778205, vertical=7.849701430375503, position=(356 ; 416)} ->> x=100, y=370
VoiceCommand(direction=WEST, speedLevel=L4_MACH_9350)
Clark {horizontal=-9.120612317782196, vertical=6.895656899010405, position=(352 ; 420)} ->> x=100, y=370
VoiceCommand(direction=WEST, speedLevel=L4_MACH_9350)
Clark {horizontal=-10.112648395153995, vertical=5.97678168883823, position=(347 ; 423)} ->> x=100, y=370
VoiceCommand(direction=WEST, speedLevel=L4_MACH_9350)
Clark {horizontal=-11.056984251243968, vertical=5.0874768904481495, position=(342 ; 426)} ->> x=100, y=370
VoiceCommand(direction=WEST, speedLevel=L4_MACH_9350)
Clark {horizontal=-11.951341999413325, vertical=4.22277083767104, position=(336 ; 428)} ->> x=100, y=370
VoiceCommand(direction=WEST, speedLevel=L4_MACH_9350)
Clark {horizontal=-12.794255560445972, vertical=3.378191353802327, position=(330 ; 430)} ->> x=100, y=370
VoiceCommand(direction=WEST, speedLevel=L4_MACH_9350)
Clark {horizontal=-13.585023122080965, vertical=2.549660911745065, position=(323 ; 431)} ->> x=100, y=370
VoiceCommand(direction=WEST, speedLevel=L4_MACH_9350)
Clark {horizontal=-14.32364098901228, vertical=1.7334089848328633, position=(316 ; 432)} ->> x=100, y=370
VoiceCommand(direction=WEST, speedLevel=L4_MACH_9350)
Clark {horizontal=-15.010724261056998, vertical=0.925897218061115, position=(309 ; 433)} ->> x=100, y=370
VoiceCommand(direction=WEST, speedLevel=L4_MACH_9350)
Clark {horizontal=-15.647419653953285, vertical=0.12375400391508173, position=(301 ; 433)} ->> x=100, y=370
VoiceCommand(direction=WEST, speedLevel=L4_MACH_9350)
Clark {horizontal=-16.235315299385977, vertical=0.0, position=(293 ; 433)} ->> x=100, y=370
VoiceCommand(direction=WEST, speedLevel=L4_MACH_9350)
Clark {horizontal=-16.776351642209786, vertical=0.0, position=(285 ; 433)} ->> x=100, y=370
VoiceCommand(direction=WEST, speedLevel=L4_MACH_9350)
Clark {horizontal=-17.2727367061521, vertical=0.0, position=(276 ; 433)} ->> x=100, y=370
VoiceCommand(direction=WEST, speedLevel=L4_MACH_9350)
Clark {horizontal=-17.726868122851965, vertical=0.0, position=(267 ; 433)} ->> x=100, y=370
VoiceCommand(direction=WEST, speedLevel=L4_MACH_9350)
Clark {horizontal=-18.141263489239503, vertical=0.0, position=(258 ; 433)} ->> x=100, y=370
VoiceCommand(direction=WEST, speedLevel=L4_MACH_9350)
Clark {horizontal=-18.518499886774467, vertical=0.0, position=(249 ; 433)} ->> x=100, y=370
VoiceCommand(direction=WEST, speedLevel=L4_MACH_9350)
Clark {horizontal=-18.8611627916333, vertical=0.0, position=(240 ; 433)} ->> x=100, y=370
VoiceCommand(direction=WEST, speedLevel=L4_MACH_9350)
Clark {horizontal=-19.17180413700207, vertical=0.0, position=(230 ; 433)} ->> x=100, y=370
VoiceCommand(direction=WEST, speedLevel=L4_MACH_9350)
Clark {horizontal=-19.452908952333146, vertical=0.0, position=(220 ; 433)} ->> x=100, y=370
VoiceCommand(direction=WEST, speedLevel=L4_MACH_9350)
Clark {horizontal=-19.70686978556374, vertical=0.0, position=(210 ; 433)} ->> x=100, y=370
VoiceCommand(direction=WEST, speedLevel=L4_MACH_9350)
Clark {horizontal=-19.935967993700828, vertical=0.0, position=(200 ; 433)} ->> x=100, y=370
VoiceCommand(direction=WEST, speedLevel=L4_MACH_9350)
Clark {horizontal=-20.142360944086168, vertical=0.0, position=(190 ; 433)} ->> x=100, y=370
VoiceCommand(direction=WEST, speedLevel=L4_MACH_9350)
Clark {horizontal=-20.328074183081547, vertical=0.0, position=(180 ; 433)} ->> x=100, y=370
VoiceCommand(direction=WEST, speedLevel=L4_MACH_9350)
Clark {horizontal=-20.49499768309938, vertical=0.0, position=(170 ; 433)} ->> x=100, y=370
VoiceCommand(direction=WEST, speedLevel=L4_MACH_9350)
Clark {horizontal=-20.644885358023757, vertical=0.0, position=(160 ; 433)} ->> x=100, y=370
VoiceCommand(direction=WEST, speedLevel=L4_MACH_9350)
Clark {horizontal=-20.779357129408897, vertical=0.0, position=(150 ; 433)} ->> x=100, y=370
VoiceCommand(direction=WEST, speedLevel=L4_MACH_9350)
Clark {horizontal=-20.899902922630105, vertical=0.0, position=(140 ; 433)} ->> x=100, y=370
VoiceCommand(direction=WEST, speedLevel=L4_MACH_9350)
Clark {horizontal=-21.007888067191697, vertical=0.0, position=(130 ; 433)} ->> x=100, y=370
VoiceCommand(direction=WEST, speedLevel=L3_SUPER_SONIC)
Clark {horizontal=-20.60455966458256, vertical=0.0, position=(120 ; 433)} ->> x=100, y=370
VoiceCommand(direction=WEST, speedLevel=L3_SUPER_SONIC)
Clark {horizontal=-20.243189967154205, vertical=0.0, position=(110 ; 433)} ->> x=100, y=370
VoiceCommand(direction=WEST, speedLevel=L2_SUB_SONIC)
Clark {horizontal=-19.418723117038475, vertical=0.0, position=(100 ; 433)} ->> x=100, y=370
VoiceCommand(direction=SOUTH, speedLevel=L4_MACH_9350)
Clark {horizontal=-17.676006098297965, vertical=-1.2, position=(91 ; 433)} ->> x=100, y=370
VoiceCommand(direction=EAST, speedLevel=L2_SUB_SONIC)
Clark {horizontal=-15.094903119330297, vertical=-0.39639999999999986, position=(83 ; 433)} ->> x=100, y=370
VoiceCommand(direction=EAST, speedLevel=L2_SUB_SONIC)
Clark {horizontal=-12.725262868875378, vertical=0.0, position=(76 ; 433)} ->> x=100, y=370
VoiceCommand(direction=EAST, speedLevel=L3_SUPER_SONIC)
Clark {horizontal=-10.020432081170432, vertical=0.0, position=(70 ; 433)} ->> x=100, y=370
VoiceCommand(direction=EAST, speedLevel=L3_SUPER_SONIC)
Clark {horizontal=-7.4694094334370575, vertical=0.0, position=(66 ; 433)} ->> x=100, y=370
VoiceCommand(direction=EAST, speedLevel=L3_SUPER_SONIC)
Clark {horizontal=-5.029929240226261, vertical=0.0, position=(63 ; 433)} ->> x=100, y=370
VoiceCommand(direction=EAST, speedLevel=L3_SUPER_SONIC)
Clark {horizontal=-2.6666787698220533, vertical=0.0, position=(61 ; 433)} ->> x=100, y=370
VoiceCommand(direction=EAST, speedLevel=L3_SUPER_SONIC)
Clark {horizontal=-0.3489008306685042, vertical=0.0, position=(60 ; 433)} ->> x=100, y=370
VoiceCommand(direction=EAST, speedLevel=L4_MACH_9350)
Clark {horizontal=2.4514034988055986, vertical=0.0, position=(61 ; 433)} ->> x=100, y=370
VoiceCommand(direction=EAST, speedLevel=L3_SUPER_SONIC)
Clark {horizontal=3.1363800510207076, vertical=0.0, position=(62 ; 433)} ->> x=100, y=370
VoiceCommand(direction=EAST, speedLevel=L3_SUPER_SONIC)
Clark {horizontal=3.8117878514596057, vertical=0.0, position=(64 ; 433)} ->> x=100, y=370
VoiceCommand(direction=EAST, speedLevel=L3_SUPER_SONIC)
Clark {horizontal=4.475463534898268, vertical=0.0, position=(66 ; 433)} ->> x=100, y=370
VoiceCommand(direction=EAST, speedLevel=L3_SUPER_SONIC)
Clark {horizontal=5.125389100267758, vertical=0.0, position=(68 ; 433)} ->> x=100, y=370
VoiceCommand(direction=EAST, speedLevel=L3_SUPER_SONIC)
Clark {horizontal=5.759715066694899, vertical=0.0, position=(71 ; 433)} ->> x=100, y=370
VoiceCommand(direction=EAST, speedLevel=L3_SUPER_SONIC)
Clark {horizontal=6.3767792725711185, vertical=0.0, position=(74 ; 433)} ->> x=100, y=370
VoiceCommand(direction=EAST, speedLevel=L3_SUPER_SONIC)
Clark {horizontal=6.975120987843387, vertical=0.0, position=(77 ; 433)} ->> x=100, y=370
VoiceCommand(direction=EAST, speedLevel=L3_SUPER_SONIC)
Clark {horizontal=7.553490205855754, vertical=0.0, position=(81 ; 433)} ->> x=100, y=370
VoiceCommand(direction=EAST, speedLevel=L2_SUB_SONIC)
Clark {horizontal=7.6108521701308565, vertical=0.0, position=(85 ; 433)} ->> x=100, y=370
VoiceCommand(direction=EAST, speedLevel=L2_SUB_SONIC)
Clark {horizontal=7.666039493241892, vertical=0.0, position=(89 ; 433)} ->> x=100, y=370
VoiceCommand(direction=EAST, speedLevel=L2_SUB_SONIC)
Clark {horizontal=7.719119089462032, vertical=0.0, position=(93 ; 433)} ->> x=100, y=370
VoiceCommand(direction=EAST, speedLevel=L2_SUB_SONIC)
Clark {horizontal=7.770157090668789, vertical=0.0, position=(97 ; 433)} ->> x=100, y=370
VoiceCommand(direction=EAST, speedLevel=L2_SUB_SONIC)
Clark {horizontal=7.819218737634613, vertical=0.0, position=(101 ; 433)} ->> x=100, y=370
VoiceCommand(direction=WEST, speedLevel=L1_TRAIN)
Clark {horizontal=6.366368283467173, vertical=0.0, position=(105 ; 433)} ->> x=100, y=370
VoiceCommand(direction=WEST, speedLevel=L2_SUB_SONIC)
Clark {horizontal=4.465041670665331, vertical=0.0, position=(108 ; 433)} ->> x=100, y=370
VoiceCommand(direction=WEST, speedLevel=L2_SUB_SONIC)
Clark {horizontal=2.615200177863386, vertical=0.0, position=(110 ; 433)} ->> x=100, y=370
VoiceCommand(direction=WEST, speedLevel=L2_SUB_SONIC)
Clark {horizontal=0.7981019979376442, vertical=0.0, position=(111 ; 433)} ->> x=100, y=370
VoiceCommand(direction=WEST, speedLevel=L2_SUB_SONIC)
Clark {horizontal=-1.003490419060136, vertical=0.0, position=(111 ; 433)} ->> x=100, y=370
VoiceCommand(direction=WEST, speedLevel=L2_SUB_SONIC)
Clark {horizontal=-1.200972936507272, vertical=0.0, position=(110 ; 433)} ->> x=100, y=370
VoiceCommand(direction=WEST, speedLevel=L2_SUB_SONIC)
Clark {horizontal=-1.3973670965217146, vertical=0.0, position=(109 ; 433)} ->> x=100, y=370
VoiceCommand(direction=WEST, speedLevel=L2_SUB_SONIC)
Clark {horizontal=-1.5924855095156107, vertical=0.0, position=(108 ; 433)} ->> x=100, y=370
VoiceCommand(direction=WEST, speedLevel=L2_SUB_SONIC)
Clark {horizontal=-1.7861454842705677, vertical=0.0, position=(107 ; 433)} ->> x=100, y=370
VoiceCommand(direction=WEST, speedLevel=L2_SUB_SONIC)
Clark {horizontal=-1.9781696950431173, vertical=0.0, position=(106 ; 433)} ->> x=100, y=370
VoiceCommand(direction=WEST, speedLevel=L2_SUB_SONIC)
Clark {horizontal=-2.16838680668715, vertical=0.0, position=(105 ; 433)} ->> x=100, y=370
VoiceCommand(direction=WEST, speedLevel=L2_SUB_SONIC)
Clark {horizontal=-2.3566320533286125, vertical=0.0, position=(104 ; 433)} ->> x=100, y=370
VoiceCommand(direction=WEST, speedLevel=L2_SUB_SONIC)
Clark {horizontal=-2.5427477667416727, vertical=0.0, position=(103 ; 433)} ->> x=100, y=370
VoiceCommand(direction=WEST, speedLevel=L2_SUB_SONIC)
Clark {horizontal=-2.726583851228498, vertical=0.0, position=(102 ; 433)} ->> x=100, y=370
VoiceCommand(direction=WEST, speedLevel=L1_TRAIN)
Clark {horizontal=-2.407998202484048, vertical=0.0, position=(101 ; 433)} ->> x=100, y=370
VoiceCommand(direction=WEST, speedLevel=L1_TRAIN)
Clark {horizontal=-2.093502064126132, vertical=0.0, position=(100 ; 433)} ->> x=100, y=370
VoiceCommand(direction=SOUTH, speedLevel=L4_MACH_9350)
Clark {horizontal=-1.282545186894881, vertical=-1.2, position=(99 ; 433)} ->> x=100, y=370
VoiceCommand(direction=EAST, speedLevel=L1_TRAIN)
Clark {horizontal=0.0215671184961872, vertical=-0.39639999999999986, position=(99 ; 433)} ->> x=100, y=370
VoiceCommand(direction=EAST, speedLevel=L1_TRAIN)
Clark {horizontal=-0.2784340443553134, vertical=0.0, position=(99 ; 433)} ->> x=100, y=370
VoiceCommand(direction=EAST, speedLevel=L1_TRAIN)
Clark {horizontal=1.0217597694373266, vertical=0.0, position=(99 ; 433)} ->> x=100, y=370
VoiceCommand(direction=EAST, speedLevel=L1_TRAIN)
Clark {horizontal=0.719149786871225, vertical=0.0, position=(99 ; 433)} ->> x=100, y=370
VoiceCommand(direction=EAST, speedLevel=L1_TRAIN)
Clark {horizontal=0.41785684583133265, vertical=0.0, position=(99 ; 433)} ->> x=100, y=370
VoiceCommand(direction=EAST, speedLevel=L1_TRAIN)
Clark {horizontal=0.1174203349723123, vertical=0.0, position=(99 ; 433)} ->> x=100, y=370
VoiceCommand(direction=EAST, speedLevel=L1_TRAIN)
Clark {horizontal=-0.1826141338653503, vertical=0.0, position=(99 ; 433)} ->> x=100, y=370
VoiceCommand(direction=EAST, speedLevel=L1_TRAIN)
Clark {horizontal=1.1174692359393683, vertical=0.0, position=(99 ; 433)} ->> x=100, y=370
VoiceCommand(direction=EAST, speedLevel=L1_TRAIN)
Clark {horizontal=0.814347392206191, vertical=0.0, position=(99 ; 433)} ->> x=100, y=370
VoiceCommand(direction=EAST, speedLevel=L1_TRAIN)
Clark {horizontal=0.5126894880182085, vertical=0.0, position=(99 ; 433)} ->> x=100, y=370
VoiceCommand(direction=EAST, speedLevel=L1_TRAIN)
Clark {horizontal=0.21203236174039752, vertical=0.0, position=(99 ; 433)} ->> x=100, y=370
VoiceCommand(direction=EAST, speedLevel=L1_TRAIN)
Clark {horizontal=-0.08808003256566554, vertical=0.0, position=(99 ; 433)} ->> x=100, y=370
VoiceCommand(direction=EAST, speedLevel=L1_TRAIN)
Clark {horizontal=1.2119393626646766, vertical=0.0, position=(99 ; 433)} ->> x=100, y=370
VoiceCommand(direction=EAST, speedLevel=L1_TRAIN)
Clark {horizontal=0.9082673701177364, vertical=0.0, position=(100 ; 433)} ->> x=100, y=370
VoiceCommand(direction=SOUTH, speedLevel=L4_MACH_9350)
Clark {horizontal=0.10620499607868483, vertical=-1.2, position=(100 ; 433)} ->> x=100, y=370
VoiceCommand(direction=SOUTH, speedLevel=L4_MACH_9350)
Clark {horizontal=0.0, vertical=-2.3964, position=(100 ; 432)} ->> x=100, y=370
VoiceCommand(direction=SOUTH, speedLevel=L4_MACH_9350)
Clark {horizontal=0.0, vertical=-3.5820431675999997, position=(100 ; 431)} ->> x=100, y=370
VoiceCommand(direction=SOUTH, speedLevel=L4_MACH_9350)
Clark {horizontal=0.0, vertical=-4.7499655844636255, position=(100 ; 429)} ->> x=100, y=370
VoiceCommand(direction=SOUTH, speedLevel=L4_MACH_9350)
Clark {horizontal=0.0, vertical=-5.893560151829654, position=(100 ; 426)} ->> x=100, y=370
VoiceCommand(direction=SOUTH, speedLevel=L4_MACH_9350)
Clark {horizontal=0.0, vertical=-7.006725023671567, position=(100 ; 423)} ->> x=100, y=370
VoiceCommand(direction=SOUTH, speedLevel=L4_MACH_9350)
Clark {horizontal=0.0, vertical=-8.083989534778205, position=(100 ; 419)} ->> x=100, y=370
VoiceCommand(direction=SOUTH, speedLevel=L4_MACH_9350)
Clark {horizontal=0.0, vertical=-9.120612317782196, position=(100 ; 415)} ->> x=100, y=370
VoiceCommand(direction=SOUTH, speedLevel=L4_MACH_9350)
Clark {horizontal=0.0, vertical=-10.112648395153995, position=(100 ; 410)} ->> x=100, y=370
VoiceCommand(direction=SOUTH, speedLevel=L4_MACH_9350)
Clark {horizontal=0.0, vertical=-11.056984251243968, position=(100 ; 405)} ->> x=100, y=370
VoiceCommand(direction=SOUTH, speedLevel=L3_SUPER_SONIC)
Clark {horizontal=0.0, vertical=-11.451341999413325, position=(100 ; 399)} ->> x=100, y=370
VoiceCommand(direction=SOUTH, speedLevel=L3_SUPER_SONIC)
Clark {horizontal=0.0, vertical=-11.823508915444506, position=(100 ; 393)} ->> x=100, y=370
VoiceCommand(direction=SOUTH, speedLevel=L3_SUPER_SONIC)
Clark {horizontal=0.0, vertical=-12.174020507760517, position=(100 ; 387)} ->> x=100, y=370
VoiceCommand(direction=SOUTH, speedLevel=L2_SUB_SONIC)
Clark {horizontal=0.0, vertical=-12.003503569452082, position=(100 ; 381)} ->> x=100, y=370
VoiceCommand(direction=SOUTH, speedLevel=L2_SUB_SONIC)
Clark {horizontal=0.0, vertical=-11.84329332459746, position=(100 ; 375)} ->> x=100, y=370
VoiceCommand(direction=SOUTH, speedLevel=L2_SUB_SONIC)
Clark {horizontal=0.0, vertical=-11.692634332666323, position=(100 ; 369)} ->> x=100, y=370
Removing target
VoiceCommand(direction=SOUTH, speedLevel=L0_RUNNING_HUMAN)
Clark {horizontal=0.0, vertical=-10.550840088572706, position=(100 ; 363)} ->> x=400, y=100
VoiceCommand(direction=EAST, speedLevel=L4_MACH_9350)
Clark {horizontal=1.2, vertical=-9.472539522136124, position=(100 ; 358)} ->> x=400, y=100
VoiceCommand(direction=EAST, speedLevel=L4_MACH_9350)
Clark {horizontal=2.3964, vertical=-8.448217009640047, position=(101 ; 354)} ->> x=400, y=100
VoiceCommand(direction=EAST, speedLevel=L4_MACH_9350)
Clark {horizontal=3.5820431675999997, vertical=-7.469786083035118, position=(102 ; 350)} ->> x=400, y=100
VoiceCommand(direction=EAST, speedLevel=L4_MACH_9350)
Clark {horizontal=4.7499655844636255, vertical=-6.530291822719356, position=(104 ; 346)} ->> x=400, y=100
VoiceCommand(direction=EAST, speedLevel=L4_MACH_9350)
Clark {horizontal=5.893560151829654, vertical=-5.623680044494668, position=(107 ; 343)} ->> x=400, y=100
VoiceCommand(direction=EAST, speedLevel=L4_MACH_9350)
Clark {horizontal=7.006725023671567, vertical=-4.744615601387549, position=(110 ; 340)} ->> x=400, y=100
VoiceCommand(direction=EAST, speedLevel=L4_MACH_9350)
Clark {horizontal=8.083989534778205, vertical=-3.888337158375224, position=(114 ; 338)} ->> x=400, y=100
VoiceCommand(direction=EAST, speedLevel=L4_MACH_9350)
Clark {horizontal=9.120612317782196, vertical=-3.0505392437322203, position=(118 ; 336)} ->> x=400, y=100
VoiceCommand(direction=EAST, speedLevel=L4_MACH_9350)
Clark {horizontal=10.112648395153995, vertical=-2.2272747695383446, position=(123 ; 335)} ->> x=400, y=100
VoiceCommand(direction=EAST, speedLevel=L4_MACH_9350)
Clark {horizontal=11.056984251243968, vertical=-1.4148728872907892, position=(128 ; 334)} ->> x=400, y=100
VoiceCommand(direction=EAST, speedLevel=L4_MACH_9350)
Clark {horizontal=11.951341999413325, vertical=-0.6098682240728127, position=(134 ; 333)} ->> x=400, y=100
VoiceCommand(direction=EAST, speedLevel=L4_MACH_9350)
Clark {horizontal=12.794255560445972, vertical=0.0, position=(140 ; 333)} ->> x=400, y=100
VoiceCommand(direction=EAST, speedLevel=L4_MACH_9350)
Clark {horizontal=13.585023122080965, vertical=0.0, position=(147 ; 333)} ->> x=400, y=100
VoiceCommand(direction=EAST, speedLevel=L4_MACH_9350)
Clark {horizontal=14.32364098901228, vertical=0.0, position=(154 ; 333)} ->> x=400, y=100
VoiceCommand(direction=EAST, speedLevel=L4_MACH_9350)
Clark {horizontal=15.010724261056998, vertical=0.0, position=(161 ; 333)} ->> x=400, y=100
VoiceCommand(direction=EAST, speedLevel=L4_MACH_9350)
Clark {horizontal=15.647419653953285, vertical=0.0, position=(169 ; 333)} ->> x=400, y=100
VoiceCommand(direction=EAST, speedLevel=L4_MACH_9350)
Clark {horizontal=16.235315299385977, vertical=0.0, position=(177 ; 333)} ->> x=400, y=100
VoiceCommand(direction=EAST, speedLevel=L4_MACH_9350)
Clark {horizontal=16.776351642209786, vertical=0.0, position=(185 ; 333)} ->> x=400, y=100
VoiceCommand(direction=EAST, speedLevel=L4_MACH_9350)
Clark {horizontal=17.2727367061521, vertical=0.0, position=(194 ; 333)} ->> x=400, y=100
VoiceCommand(direction=EAST, speedLevel=L4_MACH_9350)
Clark {horizontal=17.726868122851965, vertical=0.0, position=(203 ; 333)} ->> x=400, y=100
VoiceCommand(direction=EAST, speedLevel=L4_MACH_9350)
Clark {horizontal=18.141263489239503, vertical=0.0, position=(212 ; 333)} ->> x=400, y=100
VoiceCommand(direction=EAST, speedLevel=L4_MACH_9350)
Clark {horizontal=18.518499886774467, vertical=0.0, position=(221 ; 333)} ->> x=400, y=100
VoiceCommand(direction=EAST, speedLevel=L4_MACH_9350)
Clark {horizontal=18.8611627916333, vertical=0.0, position=(230 ; 333)} ->> x=400, y=100
VoiceCommand(direction=EAST, speedLevel=L4_MACH_9350)
Clark {horizontal=19.17180413700207, vertical=0.0, position=(240 ; 333)} ->> x=400, y=100
VoiceCommand(direction=EAST, speedLevel=L4_MACH_9350)
Clark {horizontal=19.452908952333146, vertical=0.0, position=(250 ; 333)} ->> x=400, y=100
VoiceCommand(direction=EAST, speedLevel=L4_MACH_9350)
Clark {horizontal=19.70686978556374, vertical=0.0, position=(260 ; 333)} ->> x=400, y=100
VoiceCommand(direction=EAST, speedLevel=L4_MACH_9350)
Clark {horizontal=19.935967993700828, vertical=0.0, position=(270 ; 333)} ->> x=400, y=100
VoiceCommand(direction=EAST, speedLevel=L4_MACH_9350)
Clark {horizontal=20.142360944086168, vertical=0.0, position=(280 ; 333)} ->> x=400, y=100
VoiceCommand(direction=EAST, speedLevel=L4_MACH_9350)
Clark {horizontal=20.328074183081547, vertical=0.0, position=(290 ; 333)} ->> x=400, y=100
VoiceCommand(direction=EAST, speedLevel=L4_MACH_9350)
Clark {horizontal=20.49499768309938, vertical=0.0, position=(300 ; 333)} ->> x=400, y=100
VoiceCommand(direction=EAST, speedLevel=L4_MACH_9350)
Clark {horizontal=20.644885358023757, vertical=0.0, position=(310 ; 333)} ->> x=400, y=100
VoiceCommand(direction=EAST, speedLevel=L4_MACH_9350)
Clark {horizontal=20.779357129408897, vertical=0.0, position=(320 ; 333)} ->> x=400, y=100
VoiceCommand(direction=EAST, speedLevel=L4_MACH_9350)
Clark {horizontal=20.899902922630105, vertical=0.0, position=(330 ; 333)} ->> x=400, y=100
VoiceCommand(direction=EAST, speedLevel=L4_MACH_9350)
Clark {horizontal=21.007888067191697, vertical=0.0, position=(340 ; 333)} ->> x=400, y=100
VoiceCommand(direction=EAST, speedLevel=L4_MACH_9350)
Clark {horizontal=21.10455966458256, vertical=0.0, position=(351 ; 333)} ->> x=400, y=100
VoiceCommand(direction=EAST, speedLevel=L4_MACH_9350)
Clark {horizontal=21.191053567992746, vertical=0.0, position=(362 ; 333)} ->> x=400, y=100
VoiceCommand(direction=EAST, speedLevel=L3_SUPER_SONIC)
Clark {horizontal=20.7684016896889, vertical=0.0, position=(372 ; 333)} ->> x=400, y=100
VoiceCommand(direction=EAST, speedLevel=L3_SUPER_SONIC)
Clark {horizontal=20.390085417828217, vertical=0.0, position=(382 ; 333)} ->> x=400, y=100
VoiceCommand(direction=EAST, speedLevel=L2_SUB_SONIC)
Clark {horizontal=19.55069645946239, vertical=0.0, position=(392 ; 333)} ->> x=400, y=100
VoiceCommand(direction=EAST, speedLevel=L2_SUB_SONIC)
Clark {horizontal=18.7951221293373, vertical=0.0, position=(402 ; 333)} ->> x=400, y=100
VoiceCommand(direction=WEST, speedLevel=L1_TRAIN)
Clark {horizontal=16.611980589695538, vertical=0.0, position=(411 ; 333)} ->> x=400, y=100
VoiceCommand(direction=WEST, speedLevel=L2_SUB_SONIC)
Clark {horizontal=14.122085841914483, vertical=0.0, position=(419 ; 333)} ->> x=400, y=100
VoiceCommand(direction=WEST, speedLevel=L2_SUB_SONIC)
Clark {horizontal=11.82350257059848, vertical=0.0, position=(425 ; 333)} ->> x=400, y=100
VoiceCommand(direction=WEST, speedLevel=L3_SUPER_SONIC)
Clark {horizontal=9.174014538006109, vertical=0.0, position=(430 ; 333)} ->> x=400, y=100
VoiceCommand(direction=WEST, speedLevel=L3_SUPER_SONIC)
Clark {horizontal=6.66360818114724, vertical=0.0, position=(434 ; 333)} ->> x=400, y=100
VoiceCommand(direction=WEST, speedLevel=L3_SUPER_SONIC)
Clark {horizontal=4.25259899616761, vertical=0.0, position=(437 ; 333)} ->> x=400, y=100
VoiceCommand(direction=WEST, speedLevel=L3_SUPER_SONIC)
Clark {horizontal=1.9073875006120953, vertical=0.0, position=(439 ; 333)} ->> x=400, y=100
VoiceCommand(direction=WEST, speedLevel=L3_SUPER_SONIC)
Clark {horizontal=-0.40170781708163306, vertical=0.0, position=(439 ; 333)} ->> x=400, y=100
VoiceCommand(direction=WEST, speedLevel=L3_SUPER_SONIC)
Clark {horizontal=-1.1013043941558718, vertical=0.0, position=(439 ; 333)} ->> x=400, y=100
VoiceCommand(direction=WEST, speedLevel=L3_SUPER_SONIC)
Clark {horizontal=-1.7982722157344042, vertical=0.0, position=(438 ; 333)} ->> x=400, y=100
VoiceCommand(direction=WEST, speedLevel=L3_SUPER_SONIC)
Clark {horizontal=-2.4901877583296983, vertical=0.0, position=(437 ; 333)} ->> x=400, y=100
VoiceCommand(direction=WEST, speedLevel=L3_SUPER_SONIC)
Clark {horizontal=-3.1746851706503607, vertical=0.0, position=(436 ; 333)} ->> x=400, y=100
VoiceCommand(direction=WEST, speedLevel=L3_SUPER_SONIC)
Clark {horizontal=-3.8494886058184923, vertical=0.0, position=(434 ; 333)} ->> x=400, y=100
VoiceCommand(direction=WEST, speedLevel=L3_SUPER_SONIC)
Clark {horizontal=-4.512442199502676, vertical=0.0, position=(432 ; 333)} ->> x=400, y=100
VoiceCommand(direction=WEST, speedLevel=L3_SUPER_SONIC)
Clark {horizontal=-5.161536862993044, vertical=0.0, position=(430 ; 333)} ->> x=400, y=100
VoiceCommand(direction=WEST, speedLevel=L3_SUPER_SONIC)
Clark {horizontal=-5.794933206022954, vertical=0.0, position=(427 ; 333)} ->> x=400, y=100
VoiceCommand(direction=WEST, speedLevel=L3_SUPER_SONIC)
Clark {horizontal=-6.410980078867285, vertical=0.0, position=(424 ; 333)} ->> x=400, y=100
VoiceCommand(direction=WEST, speedLevel=L3_SUPER_SONIC)
Clark {horizontal=-7.008228414938202, vertical=0.0, position=(421 ; 333)} ->> x=400, y=100
VoiceCommand(direction=WEST, speedLevel=L3_SUPER_SONIC)
Clark {horizontal=-7.585440251148334, vertical=0.0, position=(417 ; 333)} ->> x=400, y=100
VoiceCommand(direction=WEST, speedLevel=L2_SUB_SONIC)
Clark {horizontal=-7.641592991638981, vertical=0.0, position=(413 ; 333)} ->> x=400, y=100
VoiceCommand(direction=WEST, speedLevel=L2_SUB_SONIC)
Clark {horizontal=-7.695608133014316, vertical=0.0, position=(409 ; 333)} ->> x=400, y=100
VoiceCommand(direction=WEST, speedLevel=L2_SUB_SONIC)
Clark {horizontal=-7.747552171672026, vertical=0.0, position=(405 ; 333)} ->> x=400, y=100
VoiceCommand(direction=WEST, speedLevel=L2_SUB_SONIC)
Clark {horizontal=-7.797490760040076, vertical=0.0, position=(401 ; 333)} ->> x=400, y=100
VoiceCommand(direction=WEST, speedLevel=L1_TRAIN)
Clark {horizontal=-7.3454886046578, vertical=0.0, position=(397 ; 333)} ->> x=400, y=100
VoiceCommand(direction=EAST, speedLevel=L2_SUB_SONIC)
Clark {horizontal=-5.410598097554906, vertical=0.0, position=(394 ; 333)} ->> x=400, y=100
VoiceCommand(direction=EAST, speedLevel=L2_SUB_SONIC)
Clark {horizontal=-3.537411668121744, vertical=0.0, position=(392 ; 333)} ->> x=400, y=100
VoiceCommand(direction=EAST, speedLevel=L2_SUB_SONIC)
Clark {horizontal=-1.706128464847334, vertical=0.0, position=(391 ; 333)} ->> x=400, y=100
VoiceCommand(direction=EAST, speedLevel=L2_SUB_SONIC)
Clark {horizontal=0.1011487209990718, vertical=0.0, position=(391 ; 333)} ->> x=400, y=100
VoiceCommand(direction=EAST, speedLevel=L2_SUB_SONIC)
Clark {horizontal=0.3011231433396724, vertical=0.0, position=(391 ; 333)} ->> x=400, y=100
VoiceCommand(direction=EAST, speedLevel=L2_SUB_SONIC)
Clark {horizontal=0.5008964554710355, vertical=0.0, position=(391 ; 333)} ->> x=400, y=100
VoiceCommand(direction=EAST, speedLevel=L2_SUB_SONIC)
Clark {horizontal=0.7002692123232768, vertical=0.0, position=(391 ; 333)} ->> x=400, y=100
VoiceCommand(direction=EAST, speedLevel=L2_SUB_SONIC)
Clark {horizontal=0.8990432698989571, vertical=0.0, position=(391 ; 333)} ->> x=400, y=100
VoiceCommand(direction=EAST, speedLevel=L2_SUB_SONIC)
Clark {horizontal=1.0970225728960805, vertical=0.0, position=(391 ; 333)} ->> x=400, y=100
VoiceCommand(direction=EAST, speedLevel=L2_SUB_SONIC)
Clark {horizontal=1.2940139265824717, vertical=0.0, position=(392 ; 333)} ->> x=400, y=100
VoiceCommand(direction=EAST, speedLevel=L2_SUB_SONIC)
Clark {horizontal=1.4898277464769982, vertical=0.0, position=(393 ; 333)} ->> x=400, y=100
VoiceCommand(direction=EAST, speedLevel=L2_SUB_SONIC)
Clark {horizontal=1.6842787796915664, vertical=0.0, position=(394 ; 333)} ->> x=400, y=100
VoiceCommand(direction=EAST, speedLevel=L2_SUB_SONIC)
Clark {horizontal=1.877186792172268, vertical=0.0, position=(395 ; 333)} ->> x=400, y=100
VoiceCommand(direction=EAST, speedLevel=L2_SUB_SONIC)
Clark {horizontal=2.0683772165405028, vertical=0.0, position=(396 ; 333)} ->> x=400, y=100
VoiceCommand(direction=EAST, speedLevel=L2_SUB_SONIC)
Clark {horizontal=2.257681755765743, vertical=0.0, position=(397 ; 333)} ->> x=400, y=100
VoiceCommand(direction=EAST, speedLevel=L2_SUB_SONIC)
Clark {horizontal=2.4449389384899494, vertical=0.0, position=(398 ; 333)} ->> x=400, y=100
VoiceCommand(direction=EAST, speedLevel=L1_TRAIN)
Clark {horizontal=2.1299946224575885, vertical=0.0, position=(399 ; 333)} ->> x=400, y=100
VoiceCommand(direction=EAST, speedLevel=L1_TRAIN)
Clark {horizontal=1.8186524297283428, vertical=0.0, position=(400 ; 333)} ->> x=400, y=100
VoiceCommand(direction=SOUTH, speedLevel=L4_MACH_9350)
Clark {horizontal=1.0103836880779506, vertical=-1.2, position=(401 ; 333)} ->> x=400, y=100
VoiceCommand(direction=WEST, speedLevel=L1_TRAIN)
Clark {horizontal=-0.29216849991488436, vertical=-0.39639999999999986, position=(401 ; 333)} ->> x=400, y=100
VoiceCommand(direction=WEST, speedLevel=L1_TRAIN)
Clark {horizontal=0.008044906165971977, vertical=0.0, position=(401 ; 333)} ->> x=400, y=100
VoiceCommand(direction=WEST, speedLevel=L1_TRAIN)
Clark {horizontal=-1.2919552556353162, vertical=0.0, position=(401 ; 333)} ->> x=400, y=100
VoiceCommand(direction=WEST, speedLevel=L1_TRAIN)
Clark {horizontal=-0.9877823846789069, vertical=0.0, position=(400 ; 333)} ->> x=400, y=100
VoiceCommand(direction=SOUTH, speedLevel=L4_MACH_9350)
Clark {horizontal=-0.185343099580202, vertical=-1.2, position=(400 ; 333)} ->> x=400, y=100
VoiceCommand(direction=SOUTH, speedLevel=L4_MACH_9350)
Clark {horizontal=0.0, vertical=-2.3964, position=(400 ; 332)} ->> x=400, y=100
VoiceCommand(direction=SOUTH, speedLevel=L4_MACH_9350)
Clark {horizontal=0.0, vertical=-3.5820431675999997, position=(400 ; 331)} ->> x=400, y=100
VoiceCommand(direction=SOUTH, speedLevel=L4_MACH_9350)
Clark {horizontal=0.0, vertical=-4.7499655844636255, position=(400 ; 329)} ->> x=400, y=100
VoiceCommand(direction=SOUTH, speedLevel=L4_MACH_9350)
Clark {horizontal=0.0, vertical=-5.893560151829654, position=(400 ; 326)} ->> x=400, y=100
VoiceCommand(direction=SOUTH, speedLevel=L4_MACH_9350)
Clark {horizontal=0.0, vertical=-7.006725023671567, position=(400 ; 323)} ->> x=400, y=100
VoiceCommand(direction=SOUTH, speedLevel=L4_MACH_9350)
Clark {horizontal=0.0, vertical=-8.083989534778205, position=(400 ; 319)} ->> x=400, y=100
VoiceCommand(direction=SOUTH, speedLevel=L4_MACH_9350)
Clark {horizontal=0.0, vertical=-9.120612317782196, position=(400 ; 315)} ->> x=400, y=100
VoiceCommand(direction=SOUTH, speedLevel=L4_MACH_9350)
Clark {horizontal=0.0, vertical=-10.112648395153995, position=(400 ; 310)} ->> x=400, y=100
VoiceCommand(direction=SOUTH, speedLevel=L4_MACH_9350)
Clark {horizontal=0.0, vertical=-11.056984251243968, position=(400 ; 305)} ->> x=400, y=100
VoiceCommand(direction=SOUTH, speedLevel=L4_MACH_9350)
Clark {horizontal=0.0, vertical=-11.951341999413325, position=(400 ; 299)} ->> x=400, y=100
VoiceCommand(direction=SOUTH, speedLevel=L4_MACH_9350)
Clark {horizontal=0.0, vertical=-12.794255560445972, position=(400 ; 293)} ->> x=400, y=100
VoiceCommand(direction=SOUTH, speedLevel=L4_MACH_9350)
Clark {horizontal=0.0, vertical=-13.585023122080965, position=(400 ; 286)} ->> x=400, y=100
VoiceCommand(direction=SOUTH, speedLevel=L4_MACH_9350)
Clark {horizontal=0.0, vertical=-14.32364098901228, position=(400 ; 279)} ->> x=400, y=100
VoiceCommand(direction=SOUTH, speedLevel=L4_MACH_9350)
Clark {horizontal=0.0, vertical=-15.010724261056998, position=(400 ; 272)} ->> x=400, y=100
VoiceCommand(direction=SOUTH, speedLevel=L4_MACH_9350)
Clark {horizontal=0.0, vertical=-15.647419653953285, position=(400 ; 264)} ->> x=400, y=100
VoiceCommand(direction=SOUTH, speedLevel=L4_MACH_9350)
Clark {horizontal=0.0, vertical=-16.235315299385977, position=(400 ; 256)} ->> x=400, y=100
VoiceCommand(direction=SOUTH, speedLevel=L4_MACH_9350)
Clark {horizontal=0.0, vertical=-16.776351642209786, position=(400 ; 248)} ->> x=400, y=100
VoiceCommand(direction=SOUTH, speedLevel=L4_MACH_9350)
Clark {horizontal=0.0, vertical=-17.2727367061521, position=(400 ; 239)} ->> x=400, y=100
VoiceCommand(direction=SOUTH, speedLevel=L4_MACH_9350)
Clark {horizontal=0.0, vertical=-17.726868122851965, position=(400 ; 230)} ->> x=400, y=100
VoiceCommand(direction=SOUTH, speedLevel=L4_MACH_9350)
Clark {horizontal=0.0, vertical=-18.141263489239503, position=(400 ; 221)} ->> x=400, y=100
VoiceCommand(direction=SOUTH, speedLevel=L4_MACH_9350)
Clark {horizontal=0.0, vertical=-18.518499886774467, position=(400 ; 212)} ->> x=400, y=100
VoiceCommand(direction=SOUTH, speedLevel=L4_MACH_9350)
Clark {horizontal=0.0, vertical=-18.8611627916333, position=(400 ; 203)} ->> x=400, y=100
VoiceCommand(direction=SOUTH, speedLevel=L4_MACH_9350)
Clark {horizontal=0.0, vertical=-19.17180413700207, position=(400 ; 193)} ->> x=400, y=100
VoiceCommand(direction=SOUTH, speedLevel=L4_MACH_9350)
Clark {horizontal=0.0, vertical=-19.452908952333146, position=(400 ; 183)} ->> x=400, y=100
VoiceCommand(direction=SOUTH, speedLevel=L4_MACH_9350)
Clark {horizontal=0.0, vertical=-19.70686978556374, position=(400 ; 173)} ->> x=400, y=100
VoiceCommand(direction=SOUTH, speedLevel=L4_MACH_9350)
Clark {horizontal=0.0, vertical=-19.935967993700828, position=(400 ; 163)} ->> x=400, y=100
VoiceCommand(direction=SOUTH, speedLevel=L4_MACH_9350)
Clark {horizontal=0.0, vertical=-20.142360944086168, position=(400 ; 153)} ->> x=400, y=100
VoiceCommand(direction=SOUTH, speedLevel=L4_MACH_9350)
Clark {horizontal=0.0, vertical=-20.328074183081547, position=(400 ; 143)} ->> x=400, y=100
VoiceCommand(direction=SOUTH, speedLevel=L4_MACH_9350)
Clark {horizontal=0.0, vertical=-20.49499768309938, position=(400 ; 133)} ->> x=400, y=100
VoiceCommand(direction=SOUTH, speedLevel=L3_SUPER_SONIC)
Clark {horizontal=0.0, vertical=-20.144885358023757, position=(400 ; 123)} ->> x=400, y=100
VoiceCommand(direction=SOUTH, speedLevel=L3_SUPER_SONIC)
Clark {horizontal=0.0, vertical=-19.830344342803958, position=(400 ; 113)} ->> x=400, y=100
VoiceCommand(direction=SOUTH, speedLevel=L2_SUB_SONIC)
Clark {horizontal=0.0, vertical=-19.047237950918515, position=(400 ; 103)} ->> x=400, y=100
VoiceCommand(direction=SOUTH, speedLevel=L2_SUB_SONIC)
Clark {horizontal=0.0, vertical=-18.34024476702124, position=(400 ; 94)} ->> x=400, y=100
VoiceCommand(direction=NORTH, speedLevel=L2_SUB_SONIC)
Training is over in 332s
Training result COMPLETED
]]></system-out>
  <system-err><![CDATA[Target captured com.nortal.clark.training.assignment.model.Position@30a3
Target captured com.nortal.clark.training.assignment.model.Position@256d
Target captured com.nortal.clark.training.assignment.model.Position@256d
Target captured com.nortal.clark.training.assignment.model.Position@256d
Target captured com.nortal.clark.training.assignment.model.Position@30a3
Target captured com.nortal.clark.training.assignment.model.Position@30a3
Target captured com.nortal.clark.training.assignment.model.Position@30a3
Target captured com.nortal.clark.training.assignment.model.Position@5f6f
Target captured com.nortal.clark.training.assignment.model.Position@5f6f
Target captured com.nortal.clark.training.assignment.model.Position@63cf
Target captured com.nortal.clark.training.assignment.model.Position@63cf
Target captured com.nortal.clark.training.assignment.model.Position@63cf
Target captured com.nortal.clark.training.assignment.model.Position@63cf
Target captured com.nortal.clark.training.assignment.model.Position@2617
Target captured com.nortal.clark.training.assignment.model.Position@2617
Target captured com.nortal.clark.training.assignment.model.Position@6a2d
]]></system-err>
</testsuite>
